[debug] [2024-04-22T20:09:56.548Z] ----------------------------------------------------------------------
[debug] [2024-04-22T20:09:56.557Z] Command:       /usr/local/bin/node /usr/local/bin/firebase deploy
[debug] [2024-04-22T20:09:56.557Z] CLI Version:   13.7.3
[debug] [2024-04-22T20:09:56.558Z] Platform:      darwin
[debug] [2024-04-22T20:09:56.558Z] Node Version:  v21.1.0
[debug] [2024-04-22T20:09:56.558Z] Time:          Mon Apr 22 2024 22:09:56 GMT+0200 (Central European Summer Time)
[debug] [2024-04-22T20:09:56.558Z] ----------------------------------------------------------------------
[debug] 
[debug] [2024-04-22T20:09:56.614Z] > command requires scopes: ["email","openid","https://www.googleapis.com/auth/cloudplatformprojects.readonly","https://www.googleapis.com/auth/firebase","https://www.googleapis.com/auth/cloud-platform"]
[debug] [2024-04-22T20:09:56.614Z] > authorizing via signed-in user (eli.brer@gmail.com)
[debug] [2024-04-22T20:09:56.615Z] [iam] checking project zweck-hosting-66142 for permissions ["cloudfunctions.functions.create","cloudfunctions.functions.delete","cloudfunctions.functions.get","cloudfunctions.functions.list","cloudfunctions.functions.update","cloudfunctions.operations.get","firebase.projects.get","firebasehosting.sites.update"]
[debug] [2024-04-22T20:09:56.616Z] > refreshing access token with scopes: []
[debug] [2024-04-22T20:09:56.617Z] >>> [apiv2][query] POST https://www.googleapis.com/oauth2/v3/token [none]
[debug] [2024-04-22T20:09:56.617Z] >>> [apiv2][body] POST https://www.googleapis.com/oauth2/v3/token [omitted]
[debug] [2024-04-22T20:10:00.964Z] <<< [apiv2][status] POST https://www.googleapis.com/oauth2/v3/token 200
[debug] [2024-04-22T20:10:00.964Z] <<< [apiv2][body] POST https://www.googleapis.com/oauth2/v3/token [omitted]
[debug] [2024-04-22T20:10:01.012Z] >>> [apiv2][query] POST https://cloudresourcemanager.googleapis.com/v1/projects/zweck-hosting-66142:testIamPermissions [none]
[debug] [2024-04-22T20:10:01.012Z] >>> [apiv2][(partial)header] POST https://cloudresourcemanager.googleapis.com/v1/projects/zweck-hosting-66142:testIamPermissions x-goog-quota-user=projects/zweck-hosting-66142
[debug] [2024-04-22T20:10:01.012Z] >>> [apiv2][body] POST https://cloudresourcemanager.googleapis.com/v1/projects/zweck-hosting-66142:testIamPermissions {"permissions":["cloudfunctions.functions.create","cloudfunctions.functions.delete","cloudfunctions.functions.get","cloudfunctions.functions.list","cloudfunctions.functions.update","cloudfunctions.operations.get","firebase.projects.get","firebasehosting.sites.update"]}
[debug] [2024-04-22T20:10:05.932Z] <<< [apiv2][status] POST https://cloudresourcemanager.googleapis.com/v1/projects/zweck-hosting-66142:testIamPermissions 200
[debug] [2024-04-22T20:10:05.932Z] <<< [apiv2][body] POST https://cloudresourcemanager.googleapis.com/v1/projects/zweck-hosting-66142:testIamPermissions {"permissions":["cloudfunctions.functions.create","cloudfunctions.functions.delete","cloudfunctions.functions.get","cloudfunctions.functions.list","cloudfunctions.functions.update","cloudfunctions.operations.get","firebase.projects.get","firebasehosting.sites.update"]}
[debug] [2024-04-22T20:10:05.933Z] >>> [apiv2][query] POST https://iam.googleapis.com/v1/projects/zweck-hosting-66142/serviceAccounts/zweck-hosting-66142@appspot.gserviceaccount.com:testIamPermissions [none]
[debug] [2024-04-22T20:10:05.933Z] >>> [apiv2][body] POST https://iam.googleapis.com/v1/projects/zweck-hosting-66142/serviceAccounts/zweck-hosting-66142@appspot.gserviceaccount.com:testIamPermissions {"permissions":["iam.serviceAccounts.actAs"]}
[debug] [2024-04-22T20:10:11.372Z] <<< [apiv2][status] POST https://iam.googleapis.com/v1/projects/zweck-hosting-66142/serviceAccounts/zweck-hosting-66142@appspot.gserviceaccount.com:testIamPermissions 200
[debug] [2024-04-22T20:10:11.372Z] <<< [apiv2][body] POST https://iam.googleapis.com/v1/projects/zweck-hosting-66142/serviceAccounts/zweck-hosting-66142@appspot.gserviceaccount.com:testIamPermissions {"permissions":["iam.serviceAccounts.actAs"]}
[debug] [2024-04-22T20:10:11.373Z] >>> [apiv2][query] GET https://firebase.googleapis.com/v1beta1/projects/zweck-hosting-66142 [none]
[debug] [2024-04-22T20:10:16.046Z] <<< [apiv2][status] GET https://firebase.googleapis.com/v1beta1/projects/zweck-hosting-66142 200
[debug] [2024-04-22T20:10:16.047Z] <<< [apiv2][body] GET https://firebase.googleapis.com/v1beta1/projects/zweck-hosting-66142 {"projectId":"zweck-hosting-66142","projectNumber":"754606614060","displayName":"Zweck Hosting","name":"projects/zweck-hosting-66142","resources":{"hostingSite":"zweck-hosting-66142"},"state":"ACTIVE","etag":"1_7a9361a4-b8f3-4729-8766-99815f9baf6d"}
[info] 
[info] === Deploying to 'zweck-hosting-66142'...
[info] 
[info] i  deploying functions, hosting 
[debug] [2024-04-22T20:10:16.051Z] >>> [apiv2][query] GET https://firebase.googleapis.com/v1beta1/projects/zweck-hosting-66142 [none]
[debug] [2024-04-22T20:10:16.943Z] <<< [apiv2][status] GET https://firebase.googleapis.com/v1beta1/projects/zweck-hosting-66142 200
[debug] [2024-04-22T20:10:16.943Z] <<< [apiv2][body] GET https://firebase.googleapis.com/v1beta1/projects/zweck-hosting-66142 {"projectId":"zweck-hosting-66142","projectNumber":"754606614060","displayName":"Zweck Hosting","name":"projects/zweck-hosting-66142","resources":{"hostingSite":"zweck-hosting-66142"},"state":"ACTIVE","etag":"1_7a9361a4-b8f3-4729-8766-99815f9baf6d"}
[info] i  functions: preparing codebase default for deployment 
[info] i  functions: ensuring required API cloudfunctions.googleapis.com is enabled... 
[info] i  functions: ensuring required API cloudbuild.googleapis.com is enabled... 
[info] i  artifactregistry: ensuring required API artifactregistry.googleapis.com is enabled... 
[debug] [2024-04-22T20:10:16.945Z] >>> [apiv2][query] GET https://serviceusage.googleapis.com/v1/projects/zweck-hosting-66142/services/cloudfunctions.googleapis.com [none]
[debug] [2024-04-22T20:10:16.945Z] >>> [apiv2][(partial)header] GET https://serviceusage.googleapis.com/v1/projects/zweck-hosting-66142/services/cloudfunctions.googleapis.com x-goog-quota-user=projects/zweck-hosting-66142
[debug] [2024-04-22T20:10:16.947Z] >>> [apiv2][query] GET https://serviceusage.googleapis.com/v1/projects/zweck-hosting-66142/services/runtimeconfig.googleapis.com [none]
[debug] [2024-04-22T20:10:16.947Z] >>> [apiv2][(partial)header] GET https://serviceusage.googleapis.com/v1/projects/zweck-hosting-66142/services/runtimeconfig.googleapis.com x-goog-quota-user=projects/zweck-hosting-66142
[debug] [2024-04-22T20:10:16.948Z] >>> [apiv2][query] GET https://serviceusage.googleapis.com/v1/projects/zweck-hosting-66142/services/cloudbuild.googleapis.com [none]
[debug] [2024-04-22T20:10:16.948Z] >>> [apiv2][(partial)header] GET https://serviceusage.googleapis.com/v1/projects/zweck-hosting-66142/services/cloudbuild.googleapis.com x-goog-quota-user=projects/zweck-hosting-66142
[debug] [2024-04-22T20:10:16.949Z] >>> [apiv2][query] GET https://serviceusage.googleapis.com/v1/projects/zweck-hosting-66142/services/artifactregistry.googleapis.com [none]
[debug] [2024-04-22T20:10:16.949Z] >>> [apiv2][(partial)header] GET https://serviceusage.googleapis.com/v1/projects/zweck-hosting-66142/services/artifactregistry.googleapis.com x-goog-quota-user=projects/zweck-hosting-66142
[debug] [2024-04-22T20:10:22.488Z] <<< [apiv2][status] GET https://serviceusage.googleapis.com/v1/projects/zweck-hosting-66142/services/cloudbuild.googleapis.com 200
[debug] [2024-04-22T20:10:22.489Z] <<< [apiv2][body] GET https://serviceusage.googleapis.com/v1/projects/zweck-hosting-66142/services/cloudbuild.googleapis.com [omitted]
[info] ✔  functions: required API cloudbuild.googleapis.com is enabled 
[debug] [2024-04-22T20:10:22.490Z] <<< [apiv2][status] GET https://serviceusage.googleapis.com/v1/projects/zweck-hosting-66142/services/artifactregistry.googleapis.com 200
[debug] [2024-04-22T20:10:22.490Z] <<< [apiv2][body] GET https://serviceusage.googleapis.com/v1/projects/zweck-hosting-66142/services/artifactregistry.googleapis.com [omitted]
[info] ✔  artifactregistry: required API artifactregistry.googleapis.com is enabled 
[debug] [2024-04-22T20:10:22.541Z] <<< [apiv2][status] GET https://serviceusage.googleapis.com/v1/projects/zweck-hosting-66142/services/cloudfunctions.googleapis.com 200
[debug] [2024-04-22T20:10:22.541Z] <<< [apiv2][body] GET https://serviceusage.googleapis.com/v1/projects/zweck-hosting-66142/services/cloudfunctions.googleapis.com [omitted]
[info] ✔  functions: required API cloudfunctions.googleapis.com is enabled 
[debug] [2024-04-22T20:10:22.707Z] <<< [apiv2][status] GET https://serviceusage.googleapis.com/v1/projects/zweck-hosting-66142/services/runtimeconfig.googleapis.com 200
[debug] [2024-04-22T20:10:22.707Z] <<< [apiv2][body] GET https://serviceusage.googleapis.com/v1/projects/zweck-hosting-66142/services/runtimeconfig.googleapis.com [omitted]
[debug] [2024-04-22T20:10:22.708Z] >>> [apiv2][query] GET https://firebase.googleapis.com/v1beta1/projects/zweck-hosting-66142/adminSdkConfig [none]
[debug] [2024-04-22T20:10:26.982Z] <<< [apiv2][status] GET https://firebase.googleapis.com/v1beta1/projects/zweck-hosting-66142/adminSdkConfig 200
[debug] [2024-04-22T20:10:26.983Z] <<< [apiv2][body] GET https://firebase.googleapis.com/v1beta1/projects/zweck-hosting-66142/adminSdkConfig {"projectId":"zweck-hosting-66142","storageBucket":"zweck-hosting-66142.appspot.com"}
[debug] [2024-04-22T20:10:26.983Z] >>> [apiv2][query] GET https://runtimeconfig.googleapis.com/v1beta1/projects/zweck-hosting-66142/configs [none]
[debug] [2024-04-22T20:10:31.790Z] <<< [apiv2][status] GET https://runtimeconfig.googleapis.com/v1beta1/projects/zweck-hosting-66142/configs 200
[debug] [2024-04-22T20:10:31.791Z] <<< [apiv2][body] GET https://runtimeconfig.googleapis.com/v1beta1/projects/zweck-hosting-66142/configs {}
[debug] [2024-04-22T20:10:31.792Z] Validating nodejs source
[debug] [2024-04-22T20:10:37.940Z] > [functions] package.json contents: {
  "name": "functions",
  "description": "Cloud Functions for Firebase",
  "scripts": {
    "serve": "firebase emulators:start --only functions",
    "shell": "firebase functions:shell",
    "start": "npm run shell",
    "deploy": "firebase deploy --only functions",
    "logs": "firebase functions:log"
  },
  "engines": {
    "node": "18"
  },
  "main": "index.js",
  "dependencies": {
    "firebase-admin": "^11.8.0",
    "firebase-functions": "^4.9.0",
    "@chakra-ui/icons": "^2.1.1",
    "@fontsource/nunito-sans": "^5.0.12",
    "dotenv": "^16.3.1",
    "firebase": "^10.11.0",
    "moment": "^2.30.1",
    "multer": "^1.4.5-lts.1",
    "react-icons": "^4.10.1",
    "react-player": "^2.12.0",
    "react-scripts": "^5.0.1",
    "@apollo/server": "^4.7.5",
    "apollo-server-express": "^3.12.0",
    "bcrypt": "^4.0.1",
    "express": "^4.17.1",
    "graphql": "^16.3.0",
    "jsonwebtoken": "^8.5.1",
    "mongoose": "^5.9.10"
  },
  "devDependencies": {
    "firebase-functions-test": "^3.1.0"
  },
  "private": true
}
[debug] [2024-04-22T20:10:37.941Z] Building nodejs source
[info] i  functions: Loading and analyzing source code for codebase default to determine what to deploy 
[debug] [2024-04-22T20:10:37.942Z] Could not find functions.yaml. Must use http discovery
[debug] [2024-04-22T20:10:37.951Z] Found firebase-functions binary at '/Users/elijahbrereton/Documents/ZweckDev/Projects/zweck-hosting-site/functions/node_modules/.bin/firebase-functions'
[info] Serving at port 8614

[error] (node:46173) [DEP0040] DeprecationWarning: The `punycode` module is deprecated. Please use a userland alternative instead.
(Use `node --trace-deprecation ...` to show where the warning was created)

[debug] [2024-04-22T20:10:39.189Z] Got response from /__/functions.yaml {"endpoints":{"api":{"platform":"gcfv1","availableMemoryMb":null,"timeoutSeconds":null,"minInstances":null,"maxInstances":null,"ingressSettings":null,"serviceAccountEmail":null,"vpc":null,"httpsTrigger":{},"entryPoint":"api"}},"specVersion":"v1alpha1","requiredAPIs":[]}
[error] node:events:493
      throw er; // Unhandled 'error' event
      ^

Error: listen EADDRINUSE: address already in use :::8614
    at Server.setupListenHandle [as _listen2] (node:net:1872:16)
    at listenInCluster (node:net:1920:12)
    at Server.listen (node:net:2008:7)
    at Function.listen (/Users/elijahbrereton/Documents/ZweckDev/Projects/zweck-hosting-site/functions/node_modules/express/lib/application.js:635:24)
    at NativeConnection.<anonymous> (/Users/elijahbrereton/Documents/ZweckDev/Projects/zweck-hosting-site/functions/index.js:74:7)
    at Object.onceWrapper (node:events:629:28)
    at NativeConnection.emit (node:events:515:28)
    at Connection.onOpen (/Users/elijahbrereton/Documents/ZweckDev/Projects/zweck-hosting-site/functions/node_modules/mongoose/lib/connection.js:646:8)
    at _setClient (/Users/elijahbrereton/Documents/ZweckDev/Projects/zweck-hosting-site/functions/node_modules/mongoose/lib/connection.js:999:8)
    at /Users/elijahbrereton/Documents/ZweckDev/Projects/zweck-hosting-site/functions/node_modules/mongoose/lib/connection.js:841:7
    at /Users/elijahbrereton/Documents/ZweckDev/Projects/zweck-hosting-site/functions/node_modules/mongodb/lib/utils.js:704:5
    at /Users/elijahbrereton/Documents/ZweckDev/Projects/zweck-hosting-site/functions/node_modules/mongodb/lib/mongo_client.js:286:7
    at connectCallback (/Users/elijahbrereton/Documents/ZweckDev/Projects/zweck-hosting-site/functions/node_modules/mongodb/lib/operations/connect.js:367:5)
    at /Users/elijahbrereton/Documents/ZweckDev/Projects/zweck-hosting-site/functions/node_modules/mongodb/lib/operations/connect.js:557:5
    at Object.connectHandler [as callback] (/Users/elijahbrereton/Documents/ZweckDev/Projects/zweck-hosting-site/functions/node_modules/mongodb/lib/core/sdam/topology.js:298:43)
    at processWaitQueue (/Users/elijahbrereton/Documents/ZweckDev/Projects/zweck-hosting-site/functions/node_modules/mongodb/lib/core/sdam/topology.js:1066:21)
Emitted 'error' event on Server instance at:
    at emitErrorNT (node:net:1899:8)
    at process.processTicksAndRejections (node:internal/process/task_queues:82:21) {
  code: 'EADDRINUSE',
  errno: -48,
  syscall: 'listen',
  address: '::',
  port: 8614
}

Node.js v21.1.0

[debug] [2024-04-22T20:10:39.214Z] Failed to call quitquitquit. This often means the server failed to start request to http://localhost:8614/__/quitquitquit failed, reason: read ECONNRESET {"message":"request to http://localhost:8614/__/quitquitquit failed, reason: read ECONNRESET","type":"system","errno":"ECONNRESET","code":"ECONNRESET"}
[info] i  functions: Loaded environment variables from .env. 
[info] i  functions: preparing functions directory for uploading... 
[info] i  functions: packaged /Users/elijahbrereton/Documents/ZweckDev/Projects/zweck-hosting-site/functions (240.05 KB) for uploading 
[debug] [2024-04-22T20:10:39.284Z] >>> [apiv2][query] GET https://cloudfunctions.googleapis.com/v1/projects/zweck-hosting-66142/locations/-/functions [none]
[debug] [2024-04-22T20:10:43.888Z] <<< [apiv2][status] GET https://cloudfunctions.googleapis.com/v1/projects/zweck-hosting-66142/locations/-/functions 200
[debug] [2024-04-22T20:10:43.888Z] <<< [apiv2][body] GET https://cloudfunctions.googleapis.com/v1/projects/zweck-hosting-66142/locations/-/functions {}
[debug] [2024-04-22T20:10:43.889Z] >>> [apiv2][query] GET https://cloudfunctions.googleapis.com/v2/projects/zweck-hosting-66142/locations/-/functions filter=environment%3D%22GEN_2%22
[debug] [2024-04-22T20:10:46.048Z] <<< [apiv2][status] GET https://cloudfunctions.googleapis.com/v2/projects/zweck-hosting-66142/locations/-/functions 200
[debug] [2024-04-22T20:10:46.048Z] <<< [apiv2][body] GET https://cloudfunctions.googleapis.com/v2/projects/zweck-hosting-66142/locations/-/functions {}
[debug] [2024-04-22T20:10:46.052Z] >>> [apiv2][query] GET https://firebase.googleapis.com/v1beta1/projects/zweck-hosting-66142 [none]
[debug] [2024-04-22T20:10:50.144Z] <<< [apiv2][status] GET https://firebase.googleapis.com/v1beta1/projects/zweck-hosting-66142 200
[debug] [2024-04-22T20:10:50.145Z] <<< [apiv2][body] GET https://firebase.googleapis.com/v1beta1/projects/zweck-hosting-66142 {"projectId":"zweck-hosting-66142","projectNumber":"754606614060","displayName":"Zweck Hosting","name":"projects/zweck-hosting-66142","resources":{"hostingSite":"zweck-hosting-66142"},"state":"ACTIVE","etag":"1_7a9361a4-b8f3-4729-8766-99815f9baf6d"}
[debug] [2024-04-22T20:10:50.148Z] >>> [apiv2][query] POST https://firebasehosting.googleapis.com/v1beta1/projects/-/sites/zweck-hosting-66142/versions [none]
[debug] [2024-04-22T20:10:50.148Z] >>> [apiv2][body] POST https://firebasehosting.googleapis.com/v1beta1/projects/-/sites/zweck-hosting-66142/versions {"status":"CREATED","labels":{"deployment-tool":"cli-firebase"}}
[debug] [2024-04-22T20:10:55.062Z] <<< [apiv2][status] POST https://firebasehosting.googleapis.com/v1beta1/projects/-/sites/zweck-hosting-66142/versions 200
[debug] [2024-04-22T20:10:55.062Z] <<< [apiv2][body] POST https://firebasehosting.googleapis.com/v1beta1/projects/-/sites/zweck-hosting-66142/versions {"name":"projects/754606614060/sites/zweck-hosting-66142/versions/1507744ff0f3a711","status":"CREATED","config":{},"labels":{"deployment-tool":"cli-firebase"}}
[debug] [2024-04-22T20:10:55.063Z] [functions] found 1 new HTTP functions, testing setIamPolicy permission...
[debug] [2024-04-22T20:10:55.063Z] >>> [apiv2][query] POST https://cloudresourcemanager.googleapis.com/v1/projects/zweck-hosting-66142:testIamPermissions [none]
[debug] [2024-04-22T20:10:55.063Z] >>> [apiv2][(partial)header] POST https://cloudresourcemanager.googleapis.com/v1/projects/zweck-hosting-66142:testIamPermissions x-goog-quota-user=projects/zweck-hosting-66142
[debug] [2024-04-22T20:10:55.063Z] >>> [apiv2][body] POST https://cloudresourcemanager.googleapis.com/v1/projects/zweck-hosting-66142:testIamPermissions {"permissions":["cloudfunctions.functions.setIamPolicy"]}
[debug] [2024-04-22T20:10:59.771Z] <<< [apiv2][status] POST https://cloudresourcemanager.googleapis.com/v1/projects/zweck-hosting-66142:testIamPermissions 200
[debug] [2024-04-22T20:10:59.771Z] <<< [apiv2][body] POST https://cloudresourcemanager.googleapis.com/v1/projects/zweck-hosting-66142:testIamPermissions {"permissions":["cloudfunctions.functions.setIamPolicy"]}
[debug] [2024-04-22T20:10:59.771Z] [functions] found setIamPolicy permission, proceeding with deploy
[debug] [2024-04-22T20:10:59.772Z] >>> [apiv2][query] POST https://cloudfunctions.googleapis.com/v1/projects/zweck-hosting-66142/locations/us-central1/functions:generateUploadUrl [none]
[debug] [2024-04-22T20:10:59.772Z] >>> [apiv2][body] POST https://cloudfunctions.googleapis.com/v1/projects/zweck-hosting-66142/locations/us-central1/functions:generateUploadUrl {}
[debug] [2024-04-22T20:11:03.997Z] <<< [apiv2][status] POST https://cloudfunctions.googleapis.com/v1/projects/zweck-hosting-66142/locations/us-central1/functions:generateUploadUrl 200
[debug] [2024-04-22T20:11:03.997Z] <<< [apiv2][body] POST https://cloudfunctions.googleapis.com/v1/projects/zweck-hosting-66142/locations/us-central1/functions:generateUploadUrl {"uploadUrl":"https://storage.googleapis.com/uploads-316231722832.us-central1.cloudfunctions.appspot.com/8b9e64d5-58cd-4fc8-a4fd-43cb0d0fe04a.zip?GoogleAccessId=service-754606614060@gcf-admin-robot.iam.gserviceaccount.com&Expires=1713818464&Signature=RgPk2BNHPM%2Fpru5lA5C8WwQna%2F8OaYpbAsYR%2BTE8cYjfm6IasIQ%2Bpk0oIcUZz83k6%2FmZ40nvIIFxBmMysrLLHMZz3%2FGATkdHL%2B9jn179bmsAYB4Cwhse4yM38ru%2BPsdeBL%2FtRfpQC4sg0%2FaovrWyVArUiFM2tPp7IuQXcGHp5ILjvxOyZX%2FOw9PWW28gAKJdwOWf4mc%2FzdnggsC1wEos%2BjlqQDfsb1WAU5oAKotllXkpdOpXXfM2ZwgvGyu08s6YrcoHN4MIlQvWDZnIZvwL2O9KZIl4TA2zKQb6PeCJ1J9allz7e5NqU%2Fkbnl18lecgmswfb1SlYVZG%2FaXQSr%2B62Q%3D%3D"}
[debug] [2024-04-22T20:11:03.998Z] >>> [apiv2][query] PUT https://storage.googleapis.com/uploads-316231722832.us-central1.cloudfunctions.appspot.com/8b9e64d5-58cd-4fc8-a4fd-43cb0d0fe04a.zip GoogleAccessId=service-754606614060%40gcf-admin-robot.iam.gserviceaccount.com&Expires=1713818464&Signature=RgPk2BNHPM%2Fpru5lA5C8WwQna%2F8OaYpbAsYR%2BTE8cYjfm6IasIQ%2Bpk0oIcUZz83k6%2FmZ40nvIIFxBmMysrLLHMZz3%2FGATkdHL%2B9jn179bmsAYB4Cwhse4yM38ru%2BPsdeBL%2FtRfpQC4sg0%2FaovrWyVArUiFM2tPp7IuQXcGHp5ILjvxOyZX%2FOw9PWW28gAKJdwOWf4mc%2FzdnggsC1wEos%2BjlqQDfsb1WAU5oAKotllXkpdOpXXfM2ZwgvGyu08s6YrcoHN4MIlQvWDZnIZvwL2O9KZIl4TA2zKQb6PeCJ1J9allz7e5NqU%2Fkbnl18lecgmswfb1SlYVZG%2FaXQSr%2B62Q%3D%3D
[debug] [2024-04-22T20:11:03.998Z] >>> [apiv2][body] PUT https://storage.googleapis.com/uploads-316231722832.us-central1.cloudfunctions.appspot.com/8b9e64d5-58cd-4fc8-a4fd-43cb0d0fe04a.zip [stream]
[debug] [2024-04-22T20:11:10.418Z] <<< [apiv2][status] PUT https://storage.googleapis.com/uploads-316231722832.us-central1.cloudfunctions.appspot.com/8b9e64d5-58cd-4fc8-a4fd-43cb0d0fe04a.zip 200
[debug] [2024-04-22T20:11:10.418Z] <<< [apiv2][body] PUT https://storage.googleapis.com/uploads-316231722832.us-central1.cloudfunctions.appspot.com/8b9e64d5-58cd-4fc8-a4fd-43cb0d0fe04a.zip [omitted]
[info] ✔  functions: functions folder uploaded successfully 
[info] i  hosting[zweck-hosting-66142]: beginning deploy... 
[info] i  hosting[zweck-hosting-66142]: found 9 files in client/public 
[debug] [2024-04-22T20:11:10.425Z] [hosting] uploading with 200 concurrency
[debug] [2024-04-22T20:11:10.431Z] [hosting] hash cache [Y2xpZW50L3B1YmxpYw] stored for 9 files
[debug] [2024-04-22T20:11:10.431Z] [hosting][hash queue][FINAL] {"max":0,"min":0,"avg":0,"active":0,"complete":9,"success":9,"errored":0,"retried":0,"total":9,"elapsed":3}
[debug] [2024-04-22T20:11:10.431Z] >>> [apiv2][query] POST https://firebasehosting.googleapis.com/v1beta1/projects/754606614060/sites/zweck-hosting-66142/versions/1507744ff0f3a711:populateFiles [none]
[debug] [2024-04-22T20:11:10.432Z] >>> [apiv2][body] POST https://firebasehosting.googleapis.com/v1beta1/projects/754606614060/sites/zweck-hosting-66142/versions/1507744ff0f3a711:populateFiles {"files":{"/Zlogo.jpeg":"45fa3fc96c2166ead3b08b6ec2ebe3640a228122fdc9ffe1311cb90ab98ec3a1","/compiled.js":"5006e9d9b9cfdbf1c947ac41aa779a9cbda923034cf9e88d82c314cf6945920e","/cursor.css":"5c9a8ec876cdb033f3efecdf8112199e1e45d9b4960c026420641f525b11f61f","/favicon.ico":"1463be9bedc82e16f9364eec7a1f5152cbe56229401381eed65c1496cb884407","/index.html":"9f31fd926ca79d9d36d6d4727f00f3aa5f1c4c87b6d33179350504321cdfe21b","/logo192.png":"f66564670b5bfe49f3f04a5b63107bae60f4a7736f1d3b83aa0115f7acf45150","/logo512.png":"2356e0b814e58a349935c8de17226873d615d088a867d591fef48a64c80c9a2f","/manifest.json":"4e52da2cdb80426cf946bf32da1217e0a046d566f862e47882ba3f515b7ae223","/robots.txt":"391d14b3c2f8c9143a27a28c7399585142228d4d1bdbe2c87ac946de411fa9a2"}}
[debug] [2024-04-22T20:11:14.601Z] <<< [apiv2][status] POST https://firebasehosting.googleapis.com/v1beta1/projects/754606614060/sites/zweck-hosting-66142/versions/1507744ff0f3a711:populateFiles 200
[debug] [2024-04-22T20:11:14.602Z] <<< [apiv2][body] POST https://firebasehosting.googleapis.com/v1beta1/projects/754606614060/sites/zweck-hosting-66142/versions/1507744ff0f3a711:populateFiles {"uploadUrl":"https://upload-firebasehosting.googleapis.com/upload/sites/zweck-hosting-66142/versions/1507744ff0f3a711/files"}
[debug] [2024-04-22T20:11:14.602Z] [hosting][populate queue][FINAL] {"max":4172,"min":4172,"avg":4172,"active":0,"complete":1,"success":1,"errored":0,"retried":0,"total":1,"elapsed":4172}
[debug] [2024-04-22T20:11:14.602Z] [hosting] uploads queued: 0
[debug] [2024-04-22T20:11:14.602Z] [hosting][upload queue][FINAL] {"max":0,"min":9999999999,"avg":0,"active":0,"complete":0,"success":0,"errored":0,"retried":0,"total":0,"elapsed":1713816674602}
[info] ✔  hosting[zweck-hosting-66142]: file upload complete 
[debug] [2024-04-22T20:11:14.603Z] [hosting] deploy completed after 4183ms
[info] i  functions: creating Node.js 18 (1st Gen) function api(us-central1)... 
[debug] [2024-04-22T20:11:14.606Z] >>> [apiv2][query] POST https://cloudfunctions.googleapis.com/v1/projects/zweck-hosting-66142/locations/us-central1/functions [none]
[debug] [2024-04-22T20:11:14.606Z] >>> [apiv2][body] POST https://cloudfunctions.googleapis.com/v1/projects/zweck-hosting-66142/locations/us-central1/functions {"name":"projects/zweck-hosting-66142/locations/us-central1/functions/api","sourceUploadUrl":"https://storage.googleapis.com/uploads-316231722832.us-central1.cloudfunctions.appspot.com/8b9e64d5-58cd-4fc8-a4fd-43cb0d0fe04a.zip?GoogleAccessId=service-754606614060@gcf-admin-robot.iam.gserviceaccount.com&Expires=1713818464&Signature=RgPk2BNHPM%2Fpru5lA5C8WwQna%2F8OaYpbAsYR%2BTE8cYjfm6IasIQ%2Bpk0oIcUZz83k6%2FmZ40nvIIFxBmMysrLLHMZz3%2FGATkdHL%2B9jn179bmsAYB4Cwhse4yM38ru%2BPsdeBL%2FtRfpQC4sg0%2FaovrWyVArUiFM2tPp7IuQXcGHp5ILjvxOyZX%2FOw9PWW28gAKJdwOWf4mc%2FzdnggsC1wEos%2BjlqQDfsb1WAU5oAKotllXkpdOpXXfM2ZwgvGyu08s6YrcoHN4MIlQvWDZnIZvwL2O9KZIl4TA2zKQb6PeCJ1J9allz7e5NqU%2Fkbnl18lecgmswfb1SlYVZG%2FaXQSr%2B62Q%3D%3D","entryPoint":"api","runtime":"nodejs18","dockerRegistry":"ARTIFACT_REGISTRY","labels":{"deployment-tool":"cli-firebase","firebase-functions-hash":"af3502dc80a7fc139f45a97f2a5f7561fce01e59"},"httpsTrigger":{"securityLevel":"SECURE_ALWAYS"},"minInstances":null,"maxInstances":null,"ingressSettings":null,"environmentVariables":{"SECRET_KEY":"whatdoesitevenmatter","FIREBASE_CONFIG":"{\"projectId\":\"zweck-hosting-66142\",\"storageBucket\":\"zweck-hosting-66142.appspot.com\"}","GCLOUD_PROJECT":"zweck-hosting-66142","EVENTARC_CLOUD_EVENT_SOURCE":"projects/zweck-hosting-66142/locations/us-central1/functions/api"},"serviceAccountEmail":null,"availableMemoryMb":null,"timeout":null,"vpcConnector":null,"vpcConnectorEgressSettings":null,"buildEnvironmentVariables":{"GOOGLE_NODE_RUN_SCRIPTS":""}}
[debug] [2024-04-22T20:11:19.022Z] <<< [apiv2][status] POST https://cloudfunctions.googleapis.com/v1/projects/zweck-hosting-66142/locations/us-central1/functions 200
[debug] [2024-04-22T20:11:19.022Z] <<< [apiv2][body] POST https://cloudfunctions.googleapis.com/v1/projects/zweck-hosting-66142/locations/us-central1/functions {"name":"operations/endlY2staG9zdGluZy02NjE0Mi91cy1jZW50cmFsMS9hcGkvUXQ2azl3STBhQzQ","metadata":{"@type":"type.googleapis.com/google.cloud.functions.v1.OperationMetadataV1","target":"projects/zweck-hosting-66142/locations/us-central1/functions/api","type":"CREATE_FUNCTION","request":{"@type":"type.googleapis.com/google.cloud.functions.v1.CloudFunction","name":"projects/zweck-hosting-66142/locations/us-central1/functions/api","httpsTrigger":{"securityLevel":"SECURE_ALWAYS"},"entryPoint":"api","labels":{"deployment-tool":"cli-firebase","firebase-functions-hash":"af3502dc80a7fc139f45a97f2a5f7561fce01e59"},"sourceUploadUrl":"https://storage.googleapis.com/uploads-316231722832.us-central1.cloudfunctions.appspot.com/8b9e64d5-58cd-4fc8-a4fd-43cb0d0fe04a.zip?GoogleAccessId=service-754606614060@gcf-admin-robot.iam.gserviceaccount.com&Expires=1713818464&Signature=RgPk2BNHPM%2Fpru5lA5C8WwQna%2F8OaYpbAsYR%2BTE8cYjfm6IasIQ%2Bpk0oIcUZz83k6%2FmZ40nvIIFxBmMysrLLHMZz3%2FGATkdHL%2B9jn179bmsAYB4Cwhse4yM38ru%2BPsdeBL%2FtRfpQC4sg0%2FaovrWyVArUiFM2tPp7IuQXcGHp5ILjvxOyZX%2FOw9PWW28gAKJdwOWf4mc%2FzdnggsC1wEos%2BjlqQDfsb1WAU5oAKotllXkpdOpXXfM2ZwgvGyu08s6YrcoHN4MIlQvWDZnIZvwL2O9KZIl4TA2zKQb6PeCJ1J9allz7e5NqU%2Fkbnl18lecgmswfb1SlYVZG%2FaXQSr%2B62Q%3D%3D","environmentVariables":{"SECRET_KEY":"whatdoesitevenmatter","FIREBASE_CONFIG":"{\"projectId\":\"zweck-hosting-66142\",\"storageBucket\":\"zweck-hosting-66142.appspot.com\"}","GCLOUD_PROJECT":"zweck-hosting-66142","EVENTARC_CLOUD_EVENT_SOURCE":"projects/zweck-hosting-66142/locations/us-central1/functions/api"},"runtime":"nodejs18","buildEnvironmentVariables":{"GOOGLE_NODE_RUN_SCRIPTS":""},"dockerRegistry":"ARTIFACT_REGISTRY"},"versionId":"1","updateTime":"2024-04-22T20:11:19Z"}}
[debug] [2024-04-22T20:11:19.023Z] >>> [apiv2][query] GET https://cloudfunctions.googleapis.com/v1/operations/endlY2staG9zdGluZy02NjE0Mi91cy1jZW50cmFsMS9hcGkvUXQ2azl3STBhQzQ [none]
[debug] [2024-04-22T20:11:19.839Z] <<< [apiv2][status] GET https://cloudfunctions.googleapis.com/v1/operations/endlY2staG9zdGluZy02NjE0Mi91cy1jZW50cmFsMS9hcGkvUXQ2azl3STBhQzQ 200
[debug] [2024-04-22T20:11:19.840Z] <<< [apiv2][body] GET https://cloudfunctions.googleapis.com/v1/operations/endlY2staG9zdGluZy02NjE0Mi91cy1jZW50cmFsMS9hcGkvUXQ2azl3STBhQzQ {"name":"operations/endlY2staG9zdGluZy02NjE0Mi91cy1jZW50cmFsMS9hcGkvUXQ2azl3STBhQzQ","metadata":{"@type":"type.googleapis.com/google.cloud.functions.v1.OperationMetadataV1","target":"projects/zweck-hosting-66142/locations/us-central1/functions/api","type":"CREATE_FUNCTION","request":{"@type":"type.googleapis.com/google.cloud.functions.v1.CloudFunction","name":"projects/zweck-hosting-66142/locations/us-central1/functions/api","httpsTrigger":{"securityLevel":"SECURE_ALWAYS"},"entryPoint":"api","labels":{"deployment-tool":"cli-firebase","firebase-functions-hash":"af3502dc80a7fc139f45a97f2a5f7561fce01e59"},"sourceUploadUrl":"https://storage.googleapis.com/uploads-316231722832.us-central1.cloudfunctions.appspot.com/8b9e64d5-58cd-4fc8-a4fd-43cb0d0fe04a.zip?GoogleAccessId=service-754606614060@gcf-admin-robot.iam.gserviceaccount.com&Expires=1713818464&Signature=RgPk2BNHPM%2Fpru5lA5C8WwQna%2F8OaYpbAsYR%2BTE8cYjfm6IasIQ%2Bpk0oIcUZz83k6%2FmZ40nvIIFxBmMysrLLHMZz3%2FGATkdHL%2B9jn179bmsAYB4Cwhse4yM38ru%2BPsdeBL%2FtRfpQC4sg0%2FaovrWyVArUiFM2tPp7IuQXcGHp5ILjvxOyZX%2FOw9PWW28gAKJdwOWf4mc%2FzdnggsC1wEos%2BjlqQDfsb1WAU5oAKotllXkpdOpXXfM2ZwgvGyu08s6YrcoHN4MIlQvWDZnIZvwL2O9KZIl4TA2zKQb6PeCJ1J9allz7e5NqU%2Fkbnl18lecgmswfb1SlYVZG%2FaXQSr%2B62Q%3D%3D","environmentVariables":{"SECRET_KEY":"whatdoesitevenmatter","FIREBASE_CONFIG":"{\"projectId\":\"zweck-hosting-66142\",\"storageBucket\":\"zweck-hosting-66142.appspot.com\"}","GCLOUD_PROJECT":"zweck-hosting-66142","EVENTARC_CLOUD_EVENT_SOURCE":"projects/zweck-hosting-66142/locations/us-central1/functions/api"},"runtime":"nodejs18","buildEnvironmentVariables":{"GOOGLE_NODE_RUN_SCRIPTS":""},"dockerRegistry":"ARTIFACT_REGISTRY"},"versionId":"1","updateTime":"2024-04-22T20:11:19Z"}}
[debug] [2024-04-22T20:11:20.341Z] [create-default-us-central1-api] Retrying task index 0
[debug] [2024-04-22T20:11:20.342Z] >>> [apiv2][query] GET https://cloudfunctions.googleapis.com/v1/operations/endlY2staG9zdGluZy02NjE0Mi91cy1jZW50cmFsMS9hcGkvUXQ2azl3STBhQzQ [none]
[debug] [2024-04-22T20:11:21.171Z] <<< [apiv2][status] GET https://cloudfunctions.googleapis.com/v1/operations/endlY2staG9zdGluZy02NjE0Mi91cy1jZW50cmFsMS9hcGkvUXQ2azl3STBhQzQ 200
[debug] [2024-04-22T20:11:21.171Z] <<< [apiv2][body] GET https://cloudfunctions.googleapis.com/v1/operations/endlY2staG9zdGluZy02NjE0Mi91cy1jZW50cmFsMS9hcGkvUXQ2azl3STBhQzQ {"name":"operations/endlY2staG9zdGluZy02NjE0Mi91cy1jZW50cmFsMS9hcGkvUXQ2azl3STBhQzQ","metadata":{"@type":"type.googleapis.com/google.cloud.functions.v1.OperationMetadataV1","target":"projects/zweck-hosting-66142/locations/us-central1/functions/api","type":"CREATE_FUNCTION","request":{"@type":"type.googleapis.com/google.cloud.functions.v1.CloudFunction","name":"projects/zweck-hosting-66142/locations/us-central1/functions/api","httpsTrigger":{"securityLevel":"SECURE_ALWAYS"},"entryPoint":"api","labels":{"deployment-tool":"cli-firebase","firebase-functions-hash":"af3502dc80a7fc139f45a97f2a5f7561fce01e59"},"sourceUploadUrl":"https://storage.googleapis.com/uploads-316231722832.us-central1.cloudfunctions.appspot.com/8b9e64d5-58cd-4fc8-a4fd-43cb0d0fe04a.zip?GoogleAccessId=service-754606614060@gcf-admin-robot.iam.gserviceaccount.com&Expires=1713818464&Signature=RgPk2BNHPM%2Fpru5lA5C8WwQna%2F8OaYpbAsYR%2BTE8cYjfm6IasIQ%2Bpk0oIcUZz83k6%2FmZ40nvIIFxBmMysrLLHMZz3%2FGATkdHL%2B9jn179bmsAYB4Cwhse4yM38ru%2BPsdeBL%2FtRfpQC4sg0%2FaovrWyVArUiFM2tPp7IuQXcGHp5ILjvxOyZX%2FOw9PWW28gAKJdwOWf4mc%2FzdnggsC1wEos%2BjlqQDfsb1WAU5oAKotllXkpdOpXXfM2ZwgvGyu08s6YrcoHN4MIlQvWDZnIZvwL2O9KZIl4TA2zKQb6PeCJ1J9allz7e5NqU%2Fkbnl18lecgmswfb1SlYVZG%2FaXQSr%2B62Q%3D%3D","environmentVariables":{"SECRET_KEY":"whatdoesitevenmatter","FIREBASE_CONFIG":"{\"projectId\":\"zweck-hosting-66142\",\"storageBucket\":\"zweck-hosting-66142.appspot.com\"}","GCLOUD_PROJECT":"zweck-hosting-66142","EVENTARC_CLOUD_EVENT_SOURCE":"projects/zweck-hosting-66142/locations/us-central1/functions/api"},"runtime":"nodejs18","buildEnvironmentVariables":{"GOOGLE_NODE_RUN_SCRIPTS":""},"dockerRegistry":"ARTIFACT_REGISTRY"},"versionId":"1","updateTime":"2024-04-22T20:11:19Z"}}
[debug] [2024-04-22T20:11:22.171Z] [create-default-us-central1-api] Retrying task index 0
[debug] [2024-04-22T20:11:22.172Z] >>> [apiv2][query] GET https://cloudfunctions.googleapis.com/v1/operations/endlY2staG9zdGluZy02NjE0Mi91cy1jZW50cmFsMS9hcGkvUXQ2azl3STBhQzQ [none]
[debug] [2024-04-22T20:11:23.012Z] <<< [apiv2][status] GET https://cloudfunctions.googleapis.com/v1/operations/endlY2staG9zdGluZy02NjE0Mi91cy1jZW50cmFsMS9hcGkvUXQ2azl3STBhQzQ 200
[debug] [2024-04-22T20:11:23.013Z] <<< [apiv2][body] GET https://cloudfunctions.googleapis.com/v1/operations/endlY2staG9zdGluZy02NjE0Mi91cy1jZW50cmFsMS9hcGkvUXQ2azl3STBhQzQ {"name":"operations/endlY2staG9zdGluZy02NjE0Mi91cy1jZW50cmFsMS9hcGkvUXQ2azl3STBhQzQ","metadata":{"@type":"type.googleapis.com/google.cloud.functions.v1.OperationMetadataV1","target":"projects/zweck-hosting-66142/locations/us-central1/functions/api","type":"CREATE_FUNCTION","request":{"@type":"type.googleapis.com/google.cloud.functions.v1.CloudFunction","name":"projects/zweck-hosting-66142/locations/us-central1/functions/api","httpsTrigger":{"securityLevel":"SECURE_ALWAYS"},"entryPoint":"api","labels":{"deployment-tool":"cli-firebase","firebase-functions-hash":"af3502dc80a7fc139f45a97f2a5f7561fce01e59"},"sourceUploadUrl":"https://storage.googleapis.com/uploads-316231722832.us-central1.cloudfunctions.appspot.com/8b9e64d5-58cd-4fc8-a4fd-43cb0d0fe04a.zip?GoogleAccessId=service-754606614060@gcf-admin-robot.iam.gserviceaccount.com&Expires=1713818464&Signature=RgPk2BNHPM%2Fpru5lA5C8WwQna%2F8OaYpbAsYR%2BTE8cYjfm6IasIQ%2Bpk0oIcUZz83k6%2FmZ40nvIIFxBmMysrLLHMZz3%2FGATkdHL%2B9jn179bmsAYB4Cwhse4yM38ru%2BPsdeBL%2FtRfpQC4sg0%2FaovrWyVArUiFM2tPp7IuQXcGHp5ILjvxOyZX%2FOw9PWW28gAKJdwOWf4mc%2FzdnggsC1wEos%2BjlqQDfsb1WAU5oAKotllXkpdOpXXfM2ZwgvGyu08s6YrcoHN4MIlQvWDZnIZvwL2O9KZIl4TA2zKQb6PeCJ1J9allz7e5NqU%2Fkbnl18lecgmswfb1SlYVZG%2FaXQSr%2B62Q%3D%3D","environmentVariables":{"SECRET_KEY":"whatdoesitevenmatter","FIREBASE_CONFIG":"{\"projectId\":\"zweck-hosting-66142\",\"storageBucket\":\"zweck-hosting-66142.appspot.com\"}","GCLOUD_PROJECT":"zweck-hosting-66142","EVENTARC_CLOUD_EVENT_SOURCE":"projects/zweck-hosting-66142/locations/us-central1/functions/api"},"runtime":"nodejs18","buildEnvironmentVariables":{"GOOGLE_NODE_RUN_SCRIPTS":""},"dockerRegistry":"ARTIFACT_REGISTRY"},"versionId":"1","updateTime":"2024-04-22T20:11:19Z"}}
[debug] [2024-04-22T20:11:25.013Z] [create-default-us-central1-api] Retrying task index 0
[debug] [2024-04-22T20:11:25.013Z] >>> [apiv2][query] GET https://cloudfunctions.googleapis.com/v1/operations/endlY2staG9zdGluZy02NjE0Mi91cy1jZW50cmFsMS9hcGkvUXQ2azl3STBhQzQ [none]
[debug] [2024-04-22T20:11:25.882Z] <<< [apiv2][status] GET https://cloudfunctions.googleapis.com/v1/operations/endlY2staG9zdGluZy02NjE0Mi91cy1jZW50cmFsMS9hcGkvUXQ2azl3STBhQzQ 200
[debug] [2024-04-22T20:11:25.882Z] <<< [apiv2][body] GET https://cloudfunctions.googleapis.com/v1/operations/endlY2staG9zdGluZy02NjE0Mi91cy1jZW50cmFsMS9hcGkvUXQ2azl3STBhQzQ {"name":"operations/endlY2staG9zdGluZy02NjE0Mi91cy1jZW50cmFsMS9hcGkvUXQ2azl3STBhQzQ","metadata":{"@type":"type.googleapis.com/google.cloud.functions.v1.OperationMetadataV1","target":"projects/zweck-hosting-66142/locations/us-central1/functions/api","type":"CREATE_FUNCTION","request":{"@type":"type.googleapis.com/google.cloud.functions.v1.CloudFunction","name":"projects/zweck-hosting-66142/locations/us-central1/functions/api","httpsTrigger":{"securityLevel":"SECURE_ALWAYS"},"entryPoint":"api","labels":{"deployment-tool":"cli-firebase","firebase-functions-hash":"af3502dc80a7fc139f45a97f2a5f7561fce01e59"},"sourceUploadUrl":"https://storage.googleapis.com/uploads-316231722832.us-central1.cloudfunctions.appspot.com/8b9e64d5-58cd-4fc8-a4fd-43cb0d0fe04a.zip?GoogleAccessId=service-754606614060@gcf-admin-robot.iam.gserviceaccount.com&Expires=1713818464&Signature=RgPk2BNHPM%2Fpru5lA5C8WwQna%2F8OaYpbAsYR%2BTE8cYjfm6IasIQ%2Bpk0oIcUZz83k6%2FmZ40nvIIFxBmMysrLLHMZz3%2FGATkdHL%2B9jn179bmsAYB4Cwhse4yM38ru%2BPsdeBL%2FtRfpQC4sg0%2FaovrWyVArUiFM2tPp7IuQXcGHp5ILjvxOyZX%2FOw9PWW28gAKJdwOWf4mc%2FzdnggsC1wEos%2BjlqQDfsb1WAU5oAKotllXkpdOpXXfM2ZwgvGyu08s6YrcoHN4MIlQvWDZnIZvwL2O9KZIl4TA2zKQb6PeCJ1J9allz7e5NqU%2Fkbnl18lecgmswfb1SlYVZG%2FaXQSr%2B62Q%3D%3D","environmentVariables":{"SECRET_KEY":"whatdoesitevenmatter","FIREBASE_CONFIG":"{\"projectId\":\"zweck-hosting-66142\",\"storageBucket\":\"zweck-hosting-66142.appspot.com\"}","GCLOUD_PROJECT":"zweck-hosting-66142","EVENTARC_CLOUD_EVENT_SOURCE":"projects/zweck-hosting-66142/locations/us-central1/functions/api"},"runtime":"nodejs18","buildEnvironmentVariables":{"GOOGLE_NODE_RUN_SCRIPTS":""},"dockerRegistry":"ARTIFACT_REGISTRY"},"versionId":"1","updateTime":"2024-04-22T20:11:19Z"}}
[debug] [2024-04-22T20:11:29.882Z] [create-default-us-central1-api] Retrying task index 0
[debug] [2024-04-22T20:11:29.882Z] >>> [apiv2][query] GET https://cloudfunctions.googleapis.com/v1/operations/endlY2staG9zdGluZy02NjE0Mi91cy1jZW50cmFsMS9hcGkvUXQ2azl3STBhQzQ [none]
[debug] [2024-04-22T20:11:30.637Z] <<< [apiv2][status] GET https://cloudfunctions.googleapis.com/v1/operations/endlY2staG9zdGluZy02NjE0Mi91cy1jZW50cmFsMS9hcGkvUXQ2azl3STBhQzQ 200
[debug] [2024-04-22T20:11:30.637Z] <<< [apiv2][body] GET https://cloudfunctions.googleapis.com/v1/operations/endlY2staG9zdGluZy02NjE0Mi91cy1jZW50cmFsMS9hcGkvUXQ2azl3STBhQzQ {"name":"operations/endlY2staG9zdGluZy02NjE0Mi91cy1jZW50cmFsMS9hcGkvUXQ2azl3STBhQzQ","metadata":{"@type":"type.googleapis.com/google.cloud.functions.v1.OperationMetadataV1","target":"projects/zweck-hosting-66142/locations/us-central1/functions/api","type":"CREATE_FUNCTION","request":{"@type":"type.googleapis.com/google.cloud.functions.v1.CloudFunction","name":"projects/zweck-hosting-66142/locations/us-central1/functions/api","httpsTrigger":{"securityLevel":"SECURE_ALWAYS"},"entryPoint":"api","labels":{"deployment-tool":"cli-firebase","firebase-functions-hash":"af3502dc80a7fc139f45a97f2a5f7561fce01e59"},"sourceUploadUrl":"https://storage.googleapis.com/uploads-316231722832.us-central1.cloudfunctions.appspot.com/8b9e64d5-58cd-4fc8-a4fd-43cb0d0fe04a.zip?GoogleAccessId=service-754606614060@gcf-admin-robot.iam.gserviceaccount.com&Expires=1713818464&Signature=RgPk2BNHPM%2Fpru5lA5C8WwQna%2F8OaYpbAsYR%2BTE8cYjfm6IasIQ%2Bpk0oIcUZz83k6%2FmZ40nvIIFxBmMysrLLHMZz3%2FGATkdHL%2B9jn179bmsAYB4Cwhse4yM38ru%2BPsdeBL%2FtRfpQC4sg0%2FaovrWyVArUiFM2tPp7IuQXcGHp5ILjvxOyZX%2FOw9PWW28gAKJdwOWf4mc%2FzdnggsC1wEos%2BjlqQDfsb1WAU5oAKotllXkpdOpXXfM2ZwgvGyu08s6YrcoHN4MIlQvWDZnIZvwL2O9KZIl4TA2zKQb6PeCJ1J9allz7e5NqU%2Fkbnl18lecgmswfb1SlYVZG%2FaXQSr%2B62Q%3D%3D","environmentVariables":{"SECRET_KEY":"whatdoesitevenmatter","FIREBASE_CONFIG":"{\"projectId\":\"zweck-hosting-66142\",\"storageBucket\":\"zweck-hosting-66142.appspot.com\"}","GCLOUD_PROJECT":"zweck-hosting-66142","EVENTARC_CLOUD_EVENT_SOURCE":"projects/zweck-hosting-66142/locations/us-central1/functions/api"},"runtime":"nodejs18","buildEnvironmentVariables":{"GOOGLE_NODE_RUN_SCRIPTS":""},"dockerRegistry":"ARTIFACT_REGISTRY"},"versionId":"1","updateTime":"2024-04-22T20:11:19Z"}}
[debug] [2024-04-22T20:11:38.638Z] [create-default-us-central1-api] Retrying task index 0
[debug] [2024-04-22T20:11:38.638Z] >>> [apiv2][query] GET https://cloudfunctions.googleapis.com/v1/operations/endlY2staG9zdGluZy02NjE0Mi91cy1jZW50cmFsMS9hcGkvUXQ2azl3STBhQzQ [none]
[debug] [2024-04-22T20:11:42.673Z] <<< [apiv2][status] GET https://cloudfunctions.googleapis.com/v1/operations/endlY2staG9zdGluZy02NjE0Mi91cy1jZW50cmFsMS9hcGkvUXQ2azl3STBhQzQ 200
[debug] [2024-04-22T20:11:42.673Z] <<< [apiv2][body] GET https://cloudfunctions.googleapis.com/v1/operations/endlY2staG9zdGluZy02NjE0Mi91cy1jZW50cmFsMS9hcGkvUXQ2azl3STBhQzQ {"name":"operations/endlY2staG9zdGluZy02NjE0Mi91cy1jZW50cmFsMS9hcGkvUXQ2azl3STBhQzQ","metadata":{"@type":"type.googleapis.com/google.cloud.functions.v1.OperationMetadataV1","target":"projects/zweck-hosting-66142/locations/us-central1/functions/api","type":"CREATE_FUNCTION","request":{"@type":"type.googleapis.com/google.cloud.functions.v1.CloudFunction","name":"projects/zweck-hosting-66142/locations/us-central1/functions/api","httpsTrigger":{"securityLevel":"SECURE_ALWAYS"},"entryPoint":"api","labels":{"deployment-tool":"cli-firebase","firebase-functions-hash":"af3502dc80a7fc139f45a97f2a5f7561fce01e59"},"sourceUploadUrl":"https://storage.googleapis.com/uploads-316231722832.us-central1.cloudfunctions.appspot.com/8b9e64d5-58cd-4fc8-a4fd-43cb0d0fe04a.zip?GoogleAccessId=service-754606614060@gcf-admin-robot.iam.gserviceaccount.com&Expires=1713818464&Signature=RgPk2BNHPM%2Fpru5lA5C8WwQna%2F8OaYpbAsYR%2BTE8cYjfm6IasIQ%2Bpk0oIcUZz83k6%2FmZ40nvIIFxBmMysrLLHMZz3%2FGATkdHL%2B9jn179bmsAYB4Cwhse4yM38ru%2BPsdeBL%2FtRfpQC4sg0%2FaovrWyVArUiFM2tPp7IuQXcGHp5ILjvxOyZX%2FOw9PWW28gAKJdwOWf4mc%2FzdnggsC1wEos%2BjlqQDfsb1WAU5oAKotllXkpdOpXXfM2ZwgvGyu08s6YrcoHN4MIlQvWDZnIZvwL2O9KZIl4TA2zKQb6PeCJ1J9allz7e5NqU%2Fkbnl18lecgmswfb1SlYVZG%2FaXQSr%2B62Q%3D%3D","environmentVariables":{"SECRET_KEY":"whatdoesitevenmatter","FIREBASE_CONFIG":"{\"projectId\":\"zweck-hosting-66142\",\"storageBucket\":\"zweck-hosting-66142.appspot.com\"}","GCLOUD_PROJECT":"zweck-hosting-66142","EVENTARC_CLOUD_EVENT_SOURCE":"projects/zweck-hosting-66142/locations/us-central1/functions/api"},"runtime":"nodejs18","buildEnvironmentVariables":{"GOOGLE_NODE_RUN_SCRIPTS":""},"dockerRegistry":"ARTIFACT_REGISTRY"},"versionId":"1","updateTime":"2024-04-22T20:11:19Z","buildId":"3ae5e9e0-5ba8-4e66-a021-633035fda96a","buildName":"projects/754606614060/locations/us-central1/builds/3ae5e9e0-5ba8-4e66-a021-633035fda96a"}}
[debug] [2024-04-22T20:11:52.674Z] [create-default-us-central1-api] Retrying task index 0
[debug] [2024-04-22T20:11:52.674Z] >>> [apiv2][query] GET https://cloudfunctions.googleapis.com/v1/operations/endlY2staG9zdGluZy02NjE0Mi91cy1jZW50cmFsMS9hcGkvUXQ2azl3STBhQzQ [none]
[debug] [2024-04-22T20:11:56.700Z] <<< [apiv2][status] GET https://cloudfunctions.googleapis.com/v1/operations/endlY2staG9zdGluZy02NjE0Mi91cy1jZW50cmFsMS9hcGkvUXQ2azl3STBhQzQ 200
[debug] [2024-04-22T20:11:56.701Z] <<< [apiv2][body] GET https://cloudfunctions.googleapis.com/v1/operations/endlY2staG9zdGluZy02NjE0Mi91cy1jZW50cmFsMS9hcGkvUXQ2azl3STBhQzQ {"name":"operations/endlY2staG9zdGluZy02NjE0Mi91cy1jZW50cmFsMS9hcGkvUXQ2azl3STBhQzQ","metadata":{"@type":"type.googleapis.com/google.cloud.functions.v1.OperationMetadataV1","target":"projects/zweck-hosting-66142/locations/us-central1/functions/api","type":"CREATE_FUNCTION","request":{"@type":"type.googleapis.com/google.cloud.functions.v1.CloudFunction","name":"projects/zweck-hosting-66142/locations/us-central1/functions/api","httpsTrigger":{"securityLevel":"SECURE_ALWAYS"},"entryPoint":"api","labels":{"deployment-tool":"cli-firebase","firebase-functions-hash":"af3502dc80a7fc139f45a97f2a5f7561fce01e59"},"sourceUploadUrl":"https://storage.googleapis.com/uploads-316231722832.us-central1.cloudfunctions.appspot.com/8b9e64d5-58cd-4fc8-a4fd-43cb0d0fe04a.zip?GoogleAccessId=service-754606614060@gcf-admin-robot.iam.gserviceaccount.com&Expires=1713818464&Signature=RgPk2BNHPM%2Fpru5lA5C8WwQna%2F8OaYpbAsYR%2BTE8cYjfm6IasIQ%2Bpk0oIcUZz83k6%2FmZ40nvIIFxBmMysrLLHMZz3%2FGATkdHL%2B9jn179bmsAYB4Cwhse4yM38ru%2BPsdeBL%2FtRfpQC4sg0%2FaovrWyVArUiFM2tPp7IuQXcGHp5ILjvxOyZX%2FOw9PWW28gAKJdwOWf4mc%2FzdnggsC1wEos%2BjlqQDfsb1WAU5oAKotllXkpdOpXXfM2ZwgvGyu08s6YrcoHN4MIlQvWDZnIZvwL2O9KZIl4TA2zKQb6PeCJ1J9allz7e5NqU%2Fkbnl18lecgmswfb1SlYVZG%2FaXQSr%2B62Q%3D%3D","environmentVariables":{"SECRET_KEY":"whatdoesitevenmatter","FIREBASE_CONFIG":"{\"projectId\":\"zweck-hosting-66142\",\"storageBucket\":\"zweck-hosting-66142.appspot.com\"}","GCLOUD_PROJECT":"zweck-hosting-66142","EVENTARC_CLOUD_EVENT_SOURCE":"projects/zweck-hosting-66142/locations/us-central1/functions/api"},"runtime":"nodejs18","buildEnvironmentVariables":{"GOOGLE_NODE_RUN_SCRIPTS":""},"dockerRegistry":"ARTIFACT_REGISTRY"},"versionId":"1","updateTime":"2024-04-22T20:11:19Z","buildId":"3ae5e9e0-5ba8-4e66-a021-633035fda96a","buildName":"projects/754606614060/locations/us-central1/builds/3ae5e9e0-5ba8-4e66-a021-633035fda96a"}}
[debug] [2024-04-22T20:12:06.701Z] [create-default-us-central1-api] Retrying task index 0
[debug] [2024-04-22T20:12:06.701Z] >>> [apiv2][query] GET https://cloudfunctions.googleapis.com/v1/operations/endlY2staG9zdGluZy02NjE0Mi91cy1jZW50cmFsMS9hcGkvUXQ2azl3STBhQzQ [none]
[debug] [2024-04-22T20:12:10.637Z] <<< [apiv2][status] GET https://cloudfunctions.googleapis.com/v1/operations/endlY2staG9zdGluZy02NjE0Mi91cy1jZW50cmFsMS9hcGkvUXQ2azl3STBhQzQ 200
[debug] [2024-04-22T20:12:10.637Z] <<< [apiv2][body] GET https://cloudfunctions.googleapis.com/v1/operations/endlY2staG9zdGluZy02NjE0Mi91cy1jZW50cmFsMS9hcGkvUXQ2azl3STBhQzQ {"name":"operations/endlY2staG9zdGluZy02NjE0Mi91cy1jZW50cmFsMS9hcGkvUXQ2azl3STBhQzQ","metadata":{"@type":"type.googleapis.com/google.cloud.functions.v1.OperationMetadataV1","target":"projects/zweck-hosting-66142/locations/us-central1/functions/api","type":"CREATE_FUNCTION","request":{"@type":"type.googleapis.com/google.cloud.functions.v1.CloudFunction","name":"projects/zweck-hosting-66142/locations/us-central1/functions/api","httpsTrigger":{"securityLevel":"SECURE_ALWAYS"},"entryPoint":"api","labels":{"deployment-tool":"cli-firebase","firebase-functions-hash":"af3502dc80a7fc139f45a97f2a5f7561fce01e59"},"sourceUploadUrl":"https://storage.googleapis.com/uploads-316231722832.us-central1.cloudfunctions.appspot.com/8b9e64d5-58cd-4fc8-a4fd-43cb0d0fe04a.zip?GoogleAccessId=service-754606614060@gcf-admin-robot.iam.gserviceaccount.com&Expires=1713818464&Signature=RgPk2BNHPM%2Fpru5lA5C8WwQna%2F8OaYpbAsYR%2BTE8cYjfm6IasIQ%2Bpk0oIcUZz83k6%2FmZ40nvIIFxBmMysrLLHMZz3%2FGATkdHL%2B9jn179bmsAYB4Cwhse4yM38ru%2BPsdeBL%2FtRfpQC4sg0%2FaovrWyVArUiFM2tPp7IuQXcGHp5ILjvxOyZX%2FOw9PWW28gAKJdwOWf4mc%2FzdnggsC1wEos%2BjlqQDfsb1WAU5oAKotllXkpdOpXXfM2ZwgvGyu08s6YrcoHN4MIlQvWDZnIZvwL2O9KZIl4TA2zKQb6PeCJ1J9allz7e5NqU%2Fkbnl18lecgmswfb1SlYVZG%2FaXQSr%2B62Q%3D%3D","environmentVariables":{"SECRET_KEY":"whatdoesitevenmatter","FIREBASE_CONFIG":"{\"projectId\":\"zweck-hosting-66142\",\"storageBucket\":\"zweck-hosting-66142.appspot.com\"}","GCLOUD_PROJECT":"zweck-hosting-66142","EVENTARC_CLOUD_EVENT_SOURCE":"projects/zweck-hosting-66142/locations/us-central1/functions/api"},"runtime":"nodejs18","buildEnvironmentVariables":{"GOOGLE_NODE_RUN_SCRIPTS":""},"dockerRegistry":"ARTIFACT_REGISTRY"},"versionId":"1","updateTime":"2024-04-22T20:11:19Z","buildId":"3ae5e9e0-5ba8-4e66-a021-633035fda96a","buildName":"projects/754606614060/locations/us-central1/builds/3ae5e9e0-5ba8-4e66-a021-633035fda96a"}}
[debug] [2024-04-22T20:12:20.639Z] [create-default-us-central1-api] Retrying task index 0
[debug] [2024-04-22T20:12:20.639Z] >>> [apiv2][query] GET https://cloudfunctions.googleapis.com/v1/operations/endlY2staG9zdGluZy02NjE0Mi91cy1jZW50cmFsMS9hcGkvUXQ2azl3STBhQzQ [none]
[debug] [2024-04-22T20:12:24.495Z] <<< [apiv2][status] GET https://cloudfunctions.googleapis.com/v1/operations/endlY2staG9zdGluZy02NjE0Mi91cy1jZW50cmFsMS9hcGkvUXQ2azl3STBhQzQ 200
[debug] [2024-04-22T20:12:24.495Z] <<< [apiv2][body] GET https://cloudfunctions.googleapis.com/v1/operations/endlY2staG9zdGluZy02NjE0Mi91cy1jZW50cmFsMS9hcGkvUXQ2azl3STBhQzQ {"name":"operations/endlY2staG9zdGluZy02NjE0Mi91cy1jZW50cmFsMS9hcGkvUXQ2azl3STBhQzQ","metadata":{"@type":"type.googleapis.com/google.cloud.functions.v1.OperationMetadataV1","target":"projects/zweck-hosting-66142/locations/us-central1/functions/api","type":"CREATE_FUNCTION","request":{"@type":"type.googleapis.com/google.cloud.functions.v1.CloudFunction","name":"projects/zweck-hosting-66142/locations/us-central1/functions/api","httpsTrigger":{"securityLevel":"SECURE_ALWAYS"},"entryPoint":"api","labels":{"deployment-tool":"cli-firebase","firebase-functions-hash":"af3502dc80a7fc139f45a97f2a5f7561fce01e59"},"sourceUploadUrl":"https://storage.googleapis.com/uploads-316231722832.us-central1.cloudfunctions.appspot.com/8b9e64d5-58cd-4fc8-a4fd-43cb0d0fe04a.zip?GoogleAccessId=service-754606614060@gcf-admin-robot.iam.gserviceaccount.com&Expires=1713818464&Signature=RgPk2BNHPM%2Fpru5lA5C8WwQna%2F8OaYpbAsYR%2BTE8cYjfm6IasIQ%2Bpk0oIcUZz83k6%2FmZ40nvIIFxBmMysrLLHMZz3%2FGATkdHL%2B9jn179bmsAYB4Cwhse4yM38ru%2BPsdeBL%2FtRfpQC4sg0%2FaovrWyVArUiFM2tPp7IuQXcGHp5ILjvxOyZX%2FOw9PWW28gAKJdwOWf4mc%2FzdnggsC1wEos%2BjlqQDfsb1WAU5oAKotllXkpdOpXXfM2ZwgvGyu08s6YrcoHN4MIlQvWDZnIZvwL2O9KZIl4TA2zKQb6PeCJ1J9allz7e5NqU%2Fkbnl18lecgmswfb1SlYVZG%2FaXQSr%2B62Q%3D%3D","environmentVariables":{"SECRET_KEY":"whatdoesitevenmatter","FIREBASE_CONFIG":"{\"projectId\":\"zweck-hosting-66142\",\"storageBucket\":\"zweck-hosting-66142.appspot.com\"}","GCLOUD_PROJECT":"zweck-hosting-66142","EVENTARC_CLOUD_EVENT_SOURCE":"projects/zweck-hosting-66142/locations/us-central1/functions/api"},"runtime":"nodejs18","buildEnvironmentVariables":{"GOOGLE_NODE_RUN_SCRIPTS":""},"dockerRegistry":"ARTIFACT_REGISTRY"},"versionId":"1","updateTime":"2024-04-22T20:11:19Z","buildId":"3ae5e9e0-5ba8-4e66-a021-633035fda96a","buildName":"projects/754606614060/locations/us-central1/builds/3ae5e9e0-5ba8-4e66-a021-633035fda96a"}}
[debug] [2024-04-22T20:12:34.496Z] [create-default-us-central1-api] Retrying task index 0
[debug] [2024-04-22T20:12:34.496Z] >>> [apiv2][query] GET https://cloudfunctions.googleapis.com/v1/operations/endlY2staG9zdGluZy02NjE0Mi91cy1jZW50cmFsMS9hcGkvUXQ2azl3STBhQzQ [none]
[debug] [2024-04-22T20:12:38.505Z] <<< [apiv2][status] GET https://cloudfunctions.googleapis.com/v1/operations/endlY2staG9zdGluZy02NjE0Mi91cy1jZW50cmFsMS9hcGkvUXQ2azl3STBhQzQ 200
[debug] [2024-04-22T20:12:38.505Z] <<< [apiv2][body] GET https://cloudfunctions.googleapis.com/v1/operations/endlY2staG9zdGluZy02NjE0Mi91cy1jZW50cmFsMS9hcGkvUXQ2azl3STBhQzQ {"name":"operations/endlY2staG9zdGluZy02NjE0Mi91cy1jZW50cmFsMS9hcGkvUXQ2azl3STBhQzQ","metadata":{"@type":"type.googleapis.com/google.cloud.functions.v1.OperationMetadataV1","target":"projects/zweck-hosting-66142/locations/us-central1/functions/api","type":"CREATE_FUNCTION","request":{"@type":"type.googleapis.com/google.cloud.functions.v1.CloudFunction","name":"projects/zweck-hosting-66142/locations/us-central1/functions/api","httpsTrigger":{"securityLevel":"SECURE_ALWAYS"},"entryPoint":"api","labels":{"deployment-tool":"cli-firebase","firebase-functions-hash":"af3502dc80a7fc139f45a97f2a5f7561fce01e59"},"sourceUploadUrl":"https://storage.googleapis.com/uploads-316231722832.us-central1.cloudfunctions.appspot.com/8b9e64d5-58cd-4fc8-a4fd-43cb0d0fe04a.zip?GoogleAccessId=service-754606614060@gcf-admin-robot.iam.gserviceaccount.com&Expires=1713818464&Signature=RgPk2BNHPM%2Fpru5lA5C8WwQna%2F8OaYpbAsYR%2BTE8cYjfm6IasIQ%2Bpk0oIcUZz83k6%2FmZ40nvIIFxBmMysrLLHMZz3%2FGATkdHL%2B9jn179bmsAYB4Cwhse4yM38ru%2BPsdeBL%2FtRfpQC4sg0%2FaovrWyVArUiFM2tPp7IuQXcGHp5ILjvxOyZX%2FOw9PWW28gAKJdwOWf4mc%2FzdnggsC1wEos%2BjlqQDfsb1WAU5oAKotllXkpdOpXXfM2ZwgvGyu08s6YrcoHN4MIlQvWDZnIZvwL2O9KZIl4TA2zKQb6PeCJ1J9allz7e5NqU%2Fkbnl18lecgmswfb1SlYVZG%2FaXQSr%2B62Q%3D%3D","environmentVariables":{"SECRET_KEY":"whatdoesitevenmatter","FIREBASE_CONFIG":"{\"projectId\":\"zweck-hosting-66142\",\"storageBucket\":\"zweck-hosting-66142.appspot.com\"}","GCLOUD_PROJECT":"zweck-hosting-66142","EVENTARC_CLOUD_EVENT_SOURCE":"projects/zweck-hosting-66142/locations/us-central1/functions/api"},"runtime":"nodejs18","buildEnvironmentVariables":{"GOOGLE_NODE_RUN_SCRIPTS":""},"dockerRegistry":"ARTIFACT_REGISTRY"},"versionId":"1","updateTime":"2024-04-22T20:11:19Z","buildId":"3ae5e9e0-5ba8-4e66-a021-633035fda96a","buildName":"projects/754606614060/locations/us-central1/builds/3ae5e9e0-5ba8-4e66-a021-633035fda96a"}}
[debug] [2024-04-22T20:12:48.505Z] [create-default-us-central1-api] Retrying task index 0
[debug] [2024-04-22T20:12:48.506Z] >>> [apiv2][query] GET https://cloudfunctions.googleapis.com/v1/operations/endlY2staG9zdGluZy02NjE0Mi91cy1jZW50cmFsMS9hcGkvUXQ2azl3STBhQzQ [none]
[debug] [2024-04-22T20:12:52.457Z] <<< [apiv2][status] GET https://cloudfunctions.googleapis.com/v1/operations/endlY2staG9zdGluZy02NjE0Mi91cy1jZW50cmFsMS9hcGkvUXQ2azl3STBhQzQ 200
[debug] [2024-04-22T20:12:52.457Z] <<< [apiv2][body] GET https://cloudfunctions.googleapis.com/v1/operations/endlY2staG9zdGluZy02NjE0Mi91cy1jZW50cmFsMS9hcGkvUXQ2azl3STBhQzQ {"name":"operations/endlY2staG9zdGluZy02NjE0Mi91cy1jZW50cmFsMS9hcGkvUXQ2azl3STBhQzQ","metadata":{"@type":"type.googleapis.com/google.cloud.functions.v1.OperationMetadataV1","target":"projects/zweck-hosting-66142/locations/us-central1/functions/api","type":"CREATE_FUNCTION","request":{"@type":"type.googleapis.com/google.cloud.functions.v1.CloudFunction","name":"projects/zweck-hosting-66142/locations/us-central1/functions/api","httpsTrigger":{"securityLevel":"SECURE_ALWAYS"},"entryPoint":"api","labels":{"deployment-tool":"cli-firebase","firebase-functions-hash":"af3502dc80a7fc139f45a97f2a5f7561fce01e59"},"sourceUploadUrl":"https://storage.googleapis.com/uploads-316231722832.us-central1.cloudfunctions.appspot.com/8b9e64d5-58cd-4fc8-a4fd-43cb0d0fe04a.zip?GoogleAccessId=service-754606614060@gcf-admin-robot.iam.gserviceaccount.com&Expires=1713818464&Signature=RgPk2BNHPM%2Fpru5lA5C8WwQna%2F8OaYpbAsYR%2BTE8cYjfm6IasIQ%2Bpk0oIcUZz83k6%2FmZ40nvIIFxBmMysrLLHMZz3%2FGATkdHL%2B9jn179bmsAYB4Cwhse4yM38ru%2BPsdeBL%2FtRfpQC4sg0%2FaovrWyVArUiFM2tPp7IuQXcGHp5ILjvxOyZX%2FOw9PWW28gAKJdwOWf4mc%2FzdnggsC1wEos%2BjlqQDfsb1WAU5oAKotllXkpdOpXXfM2ZwgvGyu08s6YrcoHN4MIlQvWDZnIZvwL2O9KZIl4TA2zKQb6PeCJ1J9allz7e5NqU%2Fkbnl18lecgmswfb1SlYVZG%2FaXQSr%2B62Q%3D%3D","environmentVariables":{"SECRET_KEY":"whatdoesitevenmatter","FIREBASE_CONFIG":"{\"projectId\":\"zweck-hosting-66142\",\"storageBucket\":\"zweck-hosting-66142.appspot.com\"}","GCLOUD_PROJECT":"zweck-hosting-66142","EVENTARC_CLOUD_EVENT_SOURCE":"projects/zweck-hosting-66142/locations/us-central1/functions/api"},"runtime":"nodejs18","buildEnvironmentVariables":{"GOOGLE_NODE_RUN_SCRIPTS":""},"dockerRegistry":"ARTIFACT_REGISTRY"},"versionId":"1","updateTime":"2024-04-22T20:11:19Z","buildId":"3ae5e9e0-5ba8-4e66-a021-633035fda96a","buildName":"projects/754606614060/locations/us-central1/builds/3ae5e9e0-5ba8-4e66-a021-633035fda96a"}}
[debug] [2024-04-22T20:13:02.458Z] [create-default-us-central1-api] Retrying task index 0
[debug] [2024-04-22T20:13:02.459Z] >>> [apiv2][query] GET https://cloudfunctions.googleapis.com/v1/operations/endlY2staG9zdGluZy02NjE0Mi91cy1jZW50cmFsMS9hcGkvUXQ2azl3STBhQzQ [none]
[debug] [2024-04-22T20:13:06.430Z] <<< [apiv2][status] GET https://cloudfunctions.googleapis.com/v1/operations/endlY2staG9zdGluZy02NjE0Mi91cy1jZW50cmFsMS9hcGkvUXQ2azl3STBhQzQ 200
[debug] [2024-04-22T20:13:06.430Z] <<< [apiv2][body] GET https://cloudfunctions.googleapis.com/v1/operations/endlY2staG9zdGluZy02NjE0Mi91cy1jZW50cmFsMS9hcGkvUXQ2azl3STBhQzQ {"name":"operations/endlY2staG9zdGluZy02NjE0Mi91cy1jZW50cmFsMS9hcGkvUXQ2azl3STBhQzQ","metadata":{"@type":"type.googleapis.com/google.cloud.functions.v1.OperationMetadataV1","target":"projects/zweck-hosting-66142/locations/us-central1/functions/api","type":"CREATE_FUNCTION","request":{"@type":"type.googleapis.com/google.cloud.functions.v1.CloudFunction","name":"projects/zweck-hosting-66142/locations/us-central1/functions/api","httpsTrigger":{"securityLevel":"SECURE_ALWAYS"},"entryPoint":"api","labels":{"deployment-tool":"cli-firebase","firebase-functions-hash":"af3502dc80a7fc139f45a97f2a5f7561fce01e59"},"sourceUploadUrl":"https://storage.googleapis.com/uploads-316231722832.us-central1.cloudfunctions.appspot.com/8b9e64d5-58cd-4fc8-a4fd-43cb0d0fe04a.zip?GoogleAccessId=service-754606614060@gcf-admin-robot.iam.gserviceaccount.com&Expires=1713818464&Signature=RgPk2BNHPM%2Fpru5lA5C8WwQna%2F8OaYpbAsYR%2BTE8cYjfm6IasIQ%2Bpk0oIcUZz83k6%2FmZ40nvIIFxBmMysrLLHMZz3%2FGATkdHL%2B9jn179bmsAYB4Cwhse4yM38ru%2BPsdeBL%2FtRfpQC4sg0%2FaovrWyVArUiFM2tPp7IuQXcGHp5ILjvxOyZX%2FOw9PWW28gAKJdwOWf4mc%2FzdnggsC1wEos%2BjlqQDfsb1WAU5oAKotllXkpdOpXXfM2ZwgvGyu08s6YrcoHN4MIlQvWDZnIZvwL2O9KZIl4TA2zKQb6PeCJ1J9allz7e5NqU%2Fkbnl18lecgmswfb1SlYVZG%2FaXQSr%2B62Q%3D%3D","environmentVariables":{"SECRET_KEY":"whatdoesitevenmatter","FIREBASE_CONFIG":"{\"projectId\":\"zweck-hosting-66142\",\"storageBucket\":\"zweck-hosting-66142.appspot.com\"}","GCLOUD_PROJECT":"zweck-hosting-66142","EVENTARC_CLOUD_EVENT_SOURCE":"projects/zweck-hosting-66142/locations/us-central1/functions/api"},"runtime":"nodejs18","buildEnvironmentVariables":{"GOOGLE_NODE_RUN_SCRIPTS":""},"dockerRegistry":"ARTIFACT_REGISTRY"},"versionId":"1","updateTime":"2024-04-22T20:11:19Z","buildId":"3ae5e9e0-5ba8-4e66-a021-633035fda96a","buildName":"projects/754606614060/locations/us-central1/builds/3ae5e9e0-5ba8-4e66-a021-633035fda96a"}}
[debug] [2024-04-22T20:13:16.431Z] [create-default-us-central1-api] Retrying task index 0
[debug] [2024-04-22T20:13:16.431Z] >>> [apiv2][query] GET https://cloudfunctions.googleapis.com/v1/operations/endlY2staG9zdGluZy02NjE0Mi91cy1jZW50cmFsMS9hcGkvUXQ2azl3STBhQzQ [none]
[debug] [2024-04-22T20:13:20.399Z] <<< [apiv2][status] GET https://cloudfunctions.googleapis.com/v1/operations/endlY2staG9zdGluZy02NjE0Mi91cy1jZW50cmFsMS9hcGkvUXQ2azl3STBhQzQ 200
[debug] [2024-04-22T20:13:20.399Z] <<< [apiv2][body] GET https://cloudfunctions.googleapis.com/v1/operations/endlY2staG9zdGluZy02NjE0Mi91cy1jZW50cmFsMS9hcGkvUXQ2azl3STBhQzQ {"name":"operations/endlY2staG9zdGluZy02NjE0Mi91cy1jZW50cmFsMS9hcGkvUXQ2azl3STBhQzQ","metadata":{"@type":"type.googleapis.com/google.cloud.functions.v1.OperationMetadataV1","target":"projects/zweck-hosting-66142/locations/us-central1/functions/api","type":"CREATE_FUNCTION","request":{"@type":"type.googleapis.com/google.cloud.functions.v1.CloudFunction","name":"projects/zweck-hosting-66142/locations/us-central1/functions/api","httpsTrigger":{"securityLevel":"SECURE_ALWAYS"},"entryPoint":"api","labels":{"deployment-tool":"cli-firebase","firebase-functions-hash":"af3502dc80a7fc139f45a97f2a5f7561fce01e59"},"sourceUploadUrl":"https://storage.googleapis.com/uploads-316231722832.us-central1.cloudfunctions.appspot.com/8b9e64d5-58cd-4fc8-a4fd-43cb0d0fe04a.zip?GoogleAccessId=service-754606614060@gcf-admin-robot.iam.gserviceaccount.com&Expires=1713818464&Signature=RgPk2BNHPM%2Fpru5lA5C8WwQna%2F8OaYpbAsYR%2BTE8cYjfm6IasIQ%2Bpk0oIcUZz83k6%2FmZ40nvIIFxBmMysrLLHMZz3%2FGATkdHL%2B9jn179bmsAYB4Cwhse4yM38ru%2BPsdeBL%2FtRfpQC4sg0%2FaovrWyVArUiFM2tPp7IuQXcGHp5ILjvxOyZX%2FOw9PWW28gAKJdwOWf4mc%2FzdnggsC1wEos%2BjlqQDfsb1WAU5oAKotllXkpdOpXXfM2ZwgvGyu08s6YrcoHN4MIlQvWDZnIZvwL2O9KZIl4TA2zKQb6PeCJ1J9allz7e5NqU%2Fkbnl18lecgmswfb1SlYVZG%2FaXQSr%2B62Q%3D%3D","environmentVariables":{"SECRET_KEY":"whatdoesitevenmatter","FIREBASE_CONFIG":"{\"projectId\":\"zweck-hosting-66142\",\"storageBucket\":\"zweck-hosting-66142.appspot.com\"}","GCLOUD_PROJECT":"zweck-hosting-66142","EVENTARC_CLOUD_EVENT_SOURCE":"projects/zweck-hosting-66142/locations/us-central1/functions/api"},"runtime":"nodejs18","buildEnvironmentVariables":{"GOOGLE_NODE_RUN_SCRIPTS":""},"dockerRegistry":"ARTIFACT_REGISTRY"},"versionId":"1","updateTime":"2024-04-22T20:11:19Z","buildId":"3ae5e9e0-5ba8-4e66-a021-633035fda96a","buildName":"projects/754606614060/locations/us-central1/builds/3ae5e9e0-5ba8-4e66-a021-633035fda96a"}}
[debug] [2024-04-22T20:13:30.401Z] [create-default-us-central1-api] Retrying task index 0
[debug] [2024-04-22T20:13:30.402Z] >>> [apiv2][query] GET https://cloudfunctions.googleapis.com/v1/operations/endlY2staG9zdGluZy02NjE0Mi91cy1jZW50cmFsMS9hcGkvUXQ2azl3STBhQzQ [none]
[debug] [2024-04-22T20:13:34.387Z] <<< [apiv2][status] GET https://cloudfunctions.googleapis.com/v1/operations/endlY2staG9zdGluZy02NjE0Mi91cy1jZW50cmFsMS9hcGkvUXQ2azl3STBhQzQ 200
[debug] [2024-04-22T20:13:34.387Z] <<< [apiv2][body] GET https://cloudfunctions.googleapis.com/v1/operations/endlY2staG9zdGluZy02NjE0Mi91cy1jZW50cmFsMS9hcGkvUXQ2azl3STBhQzQ {"name":"operations/endlY2staG9zdGluZy02NjE0Mi91cy1jZW50cmFsMS9hcGkvUXQ2azl3STBhQzQ","metadata":{"@type":"type.googleapis.com/google.cloud.functions.v1.OperationMetadataV1","target":"projects/zweck-hosting-66142/locations/us-central1/functions/api","type":"CREATE_FUNCTION","request":{"@type":"type.googleapis.com/google.cloud.functions.v1.CloudFunction","name":"projects/zweck-hosting-66142/locations/us-central1/functions/api","httpsTrigger":{"securityLevel":"SECURE_ALWAYS"},"entryPoint":"api","labels":{"deployment-tool":"cli-firebase","firebase-functions-hash":"af3502dc80a7fc139f45a97f2a5f7561fce01e59"},"sourceUploadUrl":"https://storage.googleapis.com/uploads-316231722832.us-central1.cloudfunctions.appspot.com/8b9e64d5-58cd-4fc8-a4fd-43cb0d0fe04a.zip?GoogleAccessId=service-754606614060@gcf-admin-robot.iam.gserviceaccount.com&Expires=1713818464&Signature=RgPk2BNHPM%2Fpru5lA5C8WwQna%2F8OaYpbAsYR%2BTE8cYjfm6IasIQ%2Bpk0oIcUZz83k6%2FmZ40nvIIFxBmMysrLLHMZz3%2FGATkdHL%2B9jn179bmsAYB4Cwhse4yM38ru%2BPsdeBL%2FtRfpQC4sg0%2FaovrWyVArUiFM2tPp7IuQXcGHp5ILjvxOyZX%2FOw9PWW28gAKJdwOWf4mc%2FzdnggsC1wEos%2BjlqQDfsb1WAU5oAKotllXkpdOpXXfM2ZwgvGyu08s6YrcoHN4MIlQvWDZnIZvwL2O9KZIl4TA2zKQb6PeCJ1J9allz7e5NqU%2Fkbnl18lecgmswfb1SlYVZG%2FaXQSr%2B62Q%3D%3D","environmentVariables":{"SECRET_KEY":"whatdoesitevenmatter","FIREBASE_CONFIG":"{\"projectId\":\"zweck-hosting-66142\",\"storageBucket\":\"zweck-hosting-66142.appspot.com\"}","GCLOUD_PROJECT":"zweck-hosting-66142","EVENTARC_CLOUD_EVENT_SOURCE":"projects/zweck-hosting-66142/locations/us-central1/functions/api"},"runtime":"nodejs18","buildEnvironmentVariables":{"GOOGLE_NODE_RUN_SCRIPTS":""},"dockerRegistry":"ARTIFACT_REGISTRY"},"versionId":"1","updateTime":"2024-04-22T20:11:19Z","buildId":"3ae5e9e0-5ba8-4e66-a021-633035fda96a","buildName":"projects/754606614060/locations/us-central1/builds/3ae5e9e0-5ba8-4e66-a021-633035fda96a"}}
[debug] [2024-04-22T20:13:44.387Z] [create-default-us-central1-api] Retrying task index 0
[debug] [2024-04-22T20:13:44.388Z] >>> [apiv2][query] GET https://cloudfunctions.googleapis.com/v1/operations/endlY2staG9zdGluZy02NjE0Mi91cy1jZW50cmFsMS9hcGkvUXQ2azl3STBhQzQ [none]
[debug] [2024-04-22T20:13:48.319Z] <<< [apiv2][status] GET https://cloudfunctions.googleapis.com/v1/operations/endlY2staG9zdGluZy02NjE0Mi91cy1jZW50cmFsMS9hcGkvUXQ2azl3STBhQzQ 200
[debug] [2024-04-22T20:13:48.319Z] <<< [apiv2][body] GET https://cloudfunctions.googleapis.com/v1/operations/endlY2staG9zdGluZy02NjE0Mi91cy1jZW50cmFsMS9hcGkvUXQ2azl3STBhQzQ {"name":"operations/endlY2staG9zdGluZy02NjE0Mi91cy1jZW50cmFsMS9hcGkvUXQ2azl3STBhQzQ","metadata":{"@type":"type.googleapis.com/google.cloud.functions.v1.OperationMetadataV1","target":"projects/zweck-hosting-66142/locations/us-central1/functions/api","type":"CREATE_FUNCTION","request":{"@type":"type.googleapis.com/google.cloud.functions.v1.CloudFunction","name":"projects/zweck-hosting-66142/locations/us-central1/functions/api","httpsTrigger":{"securityLevel":"SECURE_ALWAYS"},"entryPoint":"api","labels":{"deployment-tool":"cli-firebase","firebase-functions-hash":"af3502dc80a7fc139f45a97f2a5f7561fce01e59"},"sourceUploadUrl":"https://storage.googleapis.com/uploads-316231722832.us-central1.cloudfunctions.appspot.com/8b9e64d5-58cd-4fc8-a4fd-43cb0d0fe04a.zip?GoogleAccessId=service-754606614060@gcf-admin-robot.iam.gserviceaccount.com&Expires=1713818464&Signature=RgPk2BNHPM%2Fpru5lA5C8WwQna%2F8OaYpbAsYR%2BTE8cYjfm6IasIQ%2Bpk0oIcUZz83k6%2FmZ40nvIIFxBmMysrLLHMZz3%2FGATkdHL%2B9jn179bmsAYB4Cwhse4yM38ru%2BPsdeBL%2FtRfpQC4sg0%2FaovrWyVArUiFM2tPp7IuQXcGHp5ILjvxOyZX%2FOw9PWW28gAKJdwOWf4mc%2FzdnggsC1wEos%2BjlqQDfsb1WAU5oAKotllXkpdOpXXfM2ZwgvGyu08s6YrcoHN4MIlQvWDZnIZvwL2O9KZIl4TA2zKQb6PeCJ1J9allz7e5NqU%2Fkbnl18lecgmswfb1SlYVZG%2FaXQSr%2B62Q%3D%3D","environmentVariables":{"SECRET_KEY":"whatdoesitevenmatter","FIREBASE_CONFIG":"{\"projectId\":\"zweck-hosting-66142\",\"storageBucket\":\"zweck-hosting-66142.appspot.com\"}","GCLOUD_PROJECT":"zweck-hosting-66142","EVENTARC_CLOUD_EVENT_SOURCE":"projects/zweck-hosting-66142/locations/us-central1/functions/api"},"runtime":"nodejs18","buildEnvironmentVariables":{"GOOGLE_NODE_RUN_SCRIPTS":""},"dockerRegistry":"ARTIFACT_REGISTRY"},"versionId":"1","updateTime":"2024-04-22T20:11:19Z","buildId":"3ae5e9e0-5ba8-4e66-a021-633035fda96a","buildName":"projects/754606614060/locations/us-central1/builds/3ae5e9e0-5ba8-4e66-a021-633035fda96a"}}
[debug] [2024-04-22T20:13:58.320Z] [create-default-us-central1-api] Retrying task index 0
[debug] [2024-04-22T20:13:58.321Z] >>> [apiv2][query] GET https://cloudfunctions.googleapis.com/v1/operations/endlY2staG9zdGluZy02NjE0Mi91cy1jZW50cmFsMS9hcGkvUXQ2azl3STBhQzQ [none]
[debug] [2024-04-22T20:14:02.245Z] <<< [apiv2][status] GET https://cloudfunctions.googleapis.com/v1/operations/endlY2staG9zdGluZy02NjE0Mi91cy1jZW50cmFsMS9hcGkvUXQ2azl3STBhQzQ 200
[debug] [2024-04-22T20:14:02.245Z] <<< [apiv2][body] GET https://cloudfunctions.googleapis.com/v1/operations/endlY2staG9zdGluZy02NjE0Mi91cy1jZW50cmFsMS9hcGkvUXQ2azl3STBhQzQ {"name":"operations/endlY2staG9zdGluZy02NjE0Mi91cy1jZW50cmFsMS9hcGkvUXQ2azl3STBhQzQ","metadata":{"@type":"type.googleapis.com/google.cloud.functions.v1.OperationMetadataV1","target":"projects/zweck-hosting-66142/locations/us-central1/functions/api","type":"CREATE_FUNCTION","request":{"@type":"type.googleapis.com/google.cloud.functions.v1.CloudFunction","name":"projects/zweck-hosting-66142/locations/us-central1/functions/api","httpsTrigger":{"securityLevel":"SECURE_ALWAYS"},"entryPoint":"api","labels":{"deployment-tool":"cli-firebase","firebase-functions-hash":"af3502dc80a7fc139f45a97f2a5f7561fce01e59"},"sourceUploadUrl":"https://storage.googleapis.com/uploads-316231722832.us-central1.cloudfunctions.appspot.com/8b9e64d5-58cd-4fc8-a4fd-43cb0d0fe04a.zip?GoogleAccessId=service-754606614060@gcf-admin-robot.iam.gserviceaccount.com&Expires=1713818464&Signature=RgPk2BNHPM%2Fpru5lA5C8WwQna%2F8OaYpbAsYR%2BTE8cYjfm6IasIQ%2Bpk0oIcUZz83k6%2FmZ40nvIIFxBmMysrLLHMZz3%2FGATkdHL%2B9jn179bmsAYB4Cwhse4yM38ru%2BPsdeBL%2FtRfpQC4sg0%2FaovrWyVArUiFM2tPp7IuQXcGHp5ILjvxOyZX%2FOw9PWW28gAKJdwOWf4mc%2FzdnggsC1wEos%2BjlqQDfsb1WAU5oAKotllXkpdOpXXfM2ZwgvGyu08s6YrcoHN4MIlQvWDZnIZvwL2O9KZIl4TA2zKQb6PeCJ1J9allz7e5NqU%2Fkbnl18lecgmswfb1SlYVZG%2FaXQSr%2B62Q%3D%3D","environmentVariables":{"SECRET_KEY":"whatdoesitevenmatter","FIREBASE_CONFIG":"{\"projectId\":\"zweck-hosting-66142\",\"storageBucket\":\"zweck-hosting-66142.appspot.com\"}","GCLOUD_PROJECT":"zweck-hosting-66142","EVENTARC_CLOUD_EVENT_SOURCE":"projects/zweck-hosting-66142/locations/us-central1/functions/api"},"runtime":"nodejs18","buildEnvironmentVariables":{"GOOGLE_NODE_RUN_SCRIPTS":""},"dockerRegistry":"ARTIFACT_REGISTRY"},"versionId":"1","updateTime":"2024-04-22T20:11:19Z","buildId":"3ae5e9e0-5ba8-4e66-a021-633035fda96a","sourceToken":"5433093b-8215-4fd8-8872-8c51c23693fc","buildName":"projects/754606614060/locations/us-central1/builds/3ae5e9e0-5ba8-4e66-a021-633035fda96a"}}
[debug] [2024-04-22T20:14:02.246Z] Got source token 5433093b-8215-4fd8-8872-8c51c23693fc for region us-central1
[debug] [2024-04-22T20:14:12.247Z] [create-default-us-central1-api] Retrying task index 0
[debug] [2024-04-22T20:14:12.248Z] >>> [apiv2][query] GET https://cloudfunctions.googleapis.com/v1/operations/endlY2staG9zdGluZy02NjE0Mi91cy1jZW50cmFsMS9hcGkvUXQ2azl3STBhQzQ [none]
[debug] [2024-04-22T20:14:16.265Z] <<< [apiv2][status] GET https://cloudfunctions.googleapis.com/v1/operations/endlY2staG9zdGluZy02NjE0Mi91cy1jZW50cmFsMS9hcGkvUXQ2azl3STBhQzQ 200
[debug] [2024-04-22T20:14:16.265Z] <<< [apiv2][body] GET https://cloudfunctions.googleapis.com/v1/operations/endlY2staG9zdGluZy02NjE0Mi91cy1jZW50cmFsMS9hcGkvUXQ2azl3STBhQzQ {"name":"operations/endlY2staG9zdGluZy02NjE0Mi91cy1jZW50cmFsMS9hcGkvUXQ2azl3STBhQzQ","metadata":{"@type":"type.googleapis.com/google.cloud.functions.v1.OperationMetadataV1","target":"projects/zweck-hosting-66142/locations/us-central1/functions/api","type":"CREATE_FUNCTION","request":{"@type":"type.googleapis.com/google.cloud.functions.v1.CloudFunction","name":"projects/zweck-hosting-66142/locations/us-central1/functions/api","httpsTrigger":{"securityLevel":"SECURE_ALWAYS"},"entryPoint":"api","labels":{"deployment-tool":"cli-firebase","firebase-functions-hash":"af3502dc80a7fc139f45a97f2a5f7561fce01e59"},"sourceUploadUrl":"https://storage.googleapis.com/uploads-316231722832.us-central1.cloudfunctions.appspot.com/8b9e64d5-58cd-4fc8-a4fd-43cb0d0fe04a.zip?GoogleAccessId=service-754606614060@gcf-admin-robot.iam.gserviceaccount.com&Expires=1713818464&Signature=RgPk2BNHPM%2Fpru5lA5C8WwQna%2F8OaYpbAsYR%2BTE8cYjfm6IasIQ%2Bpk0oIcUZz83k6%2FmZ40nvIIFxBmMysrLLHMZz3%2FGATkdHL%2B9jn179bmsAYB4Cwhse4yM38ru%2BPsdeBL%2FtRfpQC4sg0%2FaovrWyVArUiFM2tPp7IuQXcGHp5ILjvxOyZX%2FOw9PWW28gAKJdwOWf4mc%2FzdnggsC1wEos%2BjlqQDfsb1WAU5oAKotllXkpdOpXXfM2ZwgvGyu08s6YrcoHN4MIlQvWDZnIZvwL2O9KZIl4TA2zKQb6PeCJ1J9allz7e5NqU%2Fkbnl18lecgmswfb1SlYVZG%2FaXQSr%2B62Q%3D%3D","environmentVariables":{"SECRET_KEY":"whatdoesitevenmatter","FIREBASE_CONFIG":"{\"projectId\":\"zweck-hosting-66142\",\"storageBucket\":\"zweck-hosting-66142.appspot.com\"}","GCLOUD_PROJECT":"zweck-hosting-66142","EVENTARC_CLOUD_EVENT_SOURCE":"projects/zweck-hosting-66142/locations/us-central1/functions/api"},"runtime":"nodejs18","buildEnvironmentVariables":{"GOOGLE_NODE_RUN_SCRIPTS":""},"dockerRegistry":"ARTIFACT_REGISTRY"},"versionId":"1","updateTime":"2024-04-22T20:11:19Z","buildId":"3ae5e9e0-5ba8-4e66-a021-633035fda96a","sourceToken":"5433093b-8215-4fd8-8872-8c51c23693fc","buildName":"projects/754606614060/locations/us-central1/builds/3ae5e9e0-5ba8-4e66-a021-633035fda96a"}}
[debug] [2024-04-22T20:14:16.265Z] Got source token 5433093b-8215-4fd8-8872-8c51c23693fc for region us-central1
[debug] [2024-04-22T20:14:26.265Z] [create-default-us-central1-api] Retrying task index 0
[debug] [2024-04-22T20:14:26.265Z] >>> [apiv2][query] GET https://cloudfunctions.googleapis.com/v1/operations/endlY2staG9zdGluZy02NjE0Mi91cy1jZW50cmFsMS9hcGkvUXQ2azl3STBhQzQ [none]
[debug] [2024-04-22T20:14:30.204Z] <<< [apiv2][status] GET https://cloudfunctions.googleapis.com/v1/operations/endlY2staG9zdGluZy02NjE0Mi91cy1jZW50cmFsMS9hcGkvUXQ2azl3STBhQzQ 200
[debug] [2024-04-22T20:14:30.204Z] <<< [apiv2][body] GET https://cloudfunctions.googleapis.com/v1/operations/endlY2staG9zdGluZy02NjE0Mi91cy1jZW50cmFsMS9hcGkvUXQ2azl3STBhQzQ {"name":"operations/endlY2staG9zdGluZy02NjE0Mi91cy1jZW50cmFsMS9hcGkvUXQ2azl3STBhQzQ","metadata":{"@type":"type.googleapis.com/google.cloud.functions.v1.OperationMetadataV1","target":"projects/zweck-hosting-66142/locations/us-central1/functions/api","type":"CREATE_FUNCTION","request":{"@type":"type.googleapis.com/google.cloud.functions.v1.CloudFunction","name":"projects/zweck-hosting-66142/locations/us-central1/functions/api","httpsTrigger":{"securityLevel":"SECURE_ALWAYS"},"entryPoint":"api","labels":{"deployment-tool":"cli-firebase","firebase-functions-hash":"af3502dc80a7fc139f45a97f2a5f7561fce01e59"},"sourceUploadUrl":"https://storage.googleapis.com/uploads-316231722832.us-central1.cloudfunctions.appspot.com/8b9e64d5-58cd-4fc8-a4fd-43cb0d0fe04a.zip?GoogleAccessId=service-754606614060@gcf-admin-robot.iam.gserviceaccount.com&Expires=1713818464&Signature=RgPk2BNHPM%2Fpru5lA5C8WwQna%2F8OaYpbAsYR%2BTE8cYjfm6IasIQ%2Bpk0oIcUZz83k6%2FmZ40nvIIFxBmMysrLLHMZz3%2FGATkdHL%2B9jn179bmsAYB4Cwhse4yM38ru%2BPsdeBL%2FtRfpQC4sg0%2FaovrWyVArUiFM2tPp7IuQXcGHp5ILjvxOyZX%2FOw9PWW28gAKJdwOWf4mc%2FzdnggsC1wEos%2BjlqQDfsb1WAU5oAKotllXkpdOpXXfM2ZwgvGyu08s6YrcoHN4MIlQvWDZnIZvwL2O9KZIl4TA2zKQb6PeCJ1J9allz7e5NqU%2Fkbnl18lecgmswfb1SlYVZG%2FaXQSr%2B62Q%3D%3D","environmentVariables":{"SECRET_KEY":"whatdoesitevenmatter","FIREBASE_CONFIG":"{\"projectId\":\"zweck-hosting-66142\",\"storageBucket\":\"zweck-hosting-66142.appspot.com\"}","GCLOUD_PROJECT":"zweck-hosting-66142","EVENTARC_CLOUD_EVENT_SOURCE":"projects/zweck-hosting-66142/locations/us-central1/functions/api"},"runtime":"nodejs18","buildEnvironmentVariables":{"GOOGLE_NODE_RUN_SCRIPTS":""},"dockerRegistry":"ARTIFACT_REGISTRY"},"versionId":"1","updateTime":"2024-04-22T20:11:19Z","buildId":"3ae5e9e0-5ba8-4e66-a021-633035fda96a","sourceToken":"5433093b-8215-4fd8-8872-8c51c23693fc","buildName":"projects/754606614060/locations/us-central1/builds/3ae5e9e0-5ba8-4e66-a021-633035fda96a"}}
[debug] [2024-04-22T20:14:30.204Z] Got source token 5433093b-8215-4fd8-8872-8c51c23693fc for region us-central1
[debug] [2024-04-22T20:14:40.205Z] [create-default-us-central1-api] Retrying task index 0
[debug] [2024-04-22T20:14:40.205Z] >>> [apiv2][query] GET https://cloudfunctions.googleapis.com/v1/operations/endlY2staG9zdGluZy02NjE0Mi91cy1jZW50cmFsMS9hcGkvUXQ2azl3STBhQzQ [none]
[debug] [2024-04-22T20:14:44.112Z] <<< [apiv2][status] GET https://cloudfunctions.googleapis.com/v1/operations/endlY2staG9zdGluZy02NjE0Mi91cy1jZW50cmFsMS9hcGkvUXQ2azl3STBhQzQ 200
[debug] [2024-04-22T20:14:44.112Z] <<< [apiv2][body] GET https://cloudfunctions.googleapis.com/v1/operations/endlY2staG9zdGluZy02NjE0Mi91cy1jZW50cmFsMS9hcGkvUXQ2azl3STBhQzQ {"name":"operations/endlY2staG9zdGluZy02NjE0Mi91cy1jZW50cmFsMS9hcGkvUXQ2azl3STBhQzQ","metadata":{"@type":"type.googleapis.com/google.cloud.functions.v1.OperationMetadataV1","target":"projects/zweck-hosting-66142/locations/us-central1/functions/api","type":"CREATE_FUNCTION","request":{"@type":"type.googleapis.com/google.cloud.functions.v1.CloudFunction","name":"projects/zweck-hosting-66142/locations/us-central1/functions/api","httpsTrigger":{"securityLevel":"SECURE_ALWAYS"},"entryPoint":"api","labels":{"deployment-tool":"cli-firebase","firebase-functions-hash":"af3502dc80a7fc139f45a97f2a5f7561fce01e59"},"sourceUploadUrl":"https://storage.googleapis.com/uploads-316231722832.us-central1.cloudfunctions.appspot.com/8b9e64d5-58cd-4fc8-a4fd-43cb0d0fe04a.zip?GoogleAccessId=service-754606614060@gcf-admin-robot.iam.gserviceaccount.com&Expires=1713818464&Signature=RgPk2BNHPM%2Fpru5lA5C8WwQna%2F8OaYpbAsYR%2BTE8cYjfm6IasIQ%2Bpk0oIcUZz83k6%2FmZ40nvIIFxBmMysrLLHMZz3%2FGATkdHL%2B9jn179bmsAYB4Cwhse4yM38ru%2BPsdeBL%2FtRfpQC4sg0%2FaovrWyVArUiFM2tPp7IuQXcGHp5ILjvxOyZX%2FOw9PWW28gAKJdwOWf4mc%2FzdnggsC1wEos%2BjlqQDfsb1WAU5oAKotllXkpdOpXXfM2ZwgvGyu08s6YrcoHN4MIlQvWDZnIZvwL2O9KZIl4TA2zKQb6PeCJ1J9allz7e5NqU%2Fkbnl18lecgmswfb1SlYVZG%2FaXQSr%2B62Q%3D%3D","environmentVariables":{"SECRET_KEY":"whatdoesitevenmatter","FIREBASE_CONFIG":"{\"projectId\":\"zweck-hosting-66142\",\"storageBucket\":\"zweck-hosting-66142.appspot.com\"}","GCLOUD_PROJECT":"zweck-hosting-66142","EVENTARC_CLOUD_EVENT_SOURCE":"projects/zweck-hosting-66142/locations/us-central1/functions/api"},"runtime":"nodejs18","buildEnvironmentVariables":{"GOOGLE_NODE_RUN_SCRIPTS":""},"dockerRegistry":"ARTIFACT_REGISTRY"},"versionId":"1","updateTime":"2024-04-22T20:11:19Z","buildId":"3ae5e9e0-5ba8-4e66-a021-633035fda96a","sourceToken":"5433093b-8215-4fd8-8872-8c51c23693fc","buildName":"projects/754606614060/locations/us-central1/builds/3ae5e9e0-5ba8-4e66-a021-633035fda96a"}}
[debug] [2024-04-22T20:14:44.112Z] Got source token 5433093b-8215-4fd8-8872-8c51c23693fc for region us-central1
[debug] [2024-04-22T20:14:54.112Z] [create-default-us-central1-api] Retrying task index 0
[debug] [2024-04-22T20:14:54.112Z] >>> [apiv2][query] GET https://cloudfunctions.googleapis.com/v1/operations/endlY2staG9zdGluZy02NjE0Mi91cy1jZW50cmFsMS9hcGkvUXQ2azl3STBhQzQ [none]
